2024-10-14 14:31:41.810 [info] [main] Log level: Info
2024-10-14 14:31:41.810 [info] [main] Validating found git in: "git"
2024-10-14 14:31:41.810 [info] [main] Using git "2.47.0" from "git"
2024-10-14 14:31:41.810 [info] [Model][doInitialScan] Initial repository scan started
2024-10-14 14:31:41.810 [info] > git rev-parse --show-toplevel [32ms]
2024-10-14 14:31:41.810 [info] fatal: not a git repository (or any of the parent directories): .git
2024-10-14 14:31:41.810 [info] > git rev-parse --show-toplevel [543ms]
2024-10-14 14:31:41.810 [info] fatal: not a git repository (or any of the parent directories): .git
2024-10-14 14:31:41.829 [info] > git rev-parse --show-toplevel [301ms]
2024-10-14 14:31:41.829 [info] fatal: not a git repository (or any of the parent directories): .git
2024-10-14 14:31:41.839 [info] > git rev-parse --show-toplevel [2ms]
2024-10-14 14:31:41.839 [info] fatal: not a git repository (or any of the parent directories): .git
2024-10-14 14:31:41.850 [info] > git rev-parse --show-toplevel [4ms]
2024-10-14 14:31:41.850 [info] fatal: not a git repository (or any of the parent directories): .git
2024-10-14 14:31:41.885 [info] > git rev-parse --show-toplevel [30ms]
2024-10-14 14:31:41.885 [info] fatal: not a git repository (or any of the parent directories): .git
2024-10-14 14:31:41.888 [info] [Model][doInitialScan] Initial repository scan completed - repositories (0), closed repositories (0), parent repositories (0), unsafe repositories (0)
2024-10-14 14:31:42.191 [info] > git rev-parse --show-toplevel [14ms]
2024-10-14 14:31:42.191 [info] fatal: not a git repository (or any of the parent directories): .git
2024-10-14 14:31:43.971 [info] > git rev-parse --show-toplevel [1ms]
2024-10-14 14:31:43.971 [info] fatal: not a git repository (or any of the parent directories): .git
2024-10-14 14:31:58.594 [info] > git rev-parse --show-toplevel [3ms]
2024-10-14 14:31:58.594 [info] fatal: not a git repository (or any of the parent directories): .git
2024-10-14 14:32:04.319 [info] > git rev-parse --show-toplevel [2ms]
2024-10-14 14:32:04.319 [info] fatal: not a git repository (or any of the parent directories): .git
2024-10-14 14:32:19.392 [info] > git rev-parse --show-toplevel [6ms]
2024-10-14 14:32:19.392 [info] fatal: not a git repository (or any of the parent directories): .git
