2024-10-15 11:18:54.637 [info] Deleted uninstalled extension from disk ms-vscode.vscode-typescript-next /home/ash/.vscode/extensions/ms-vscode.vscode-typescript-next-5.7.20241010
2024-10-15 11:18:54.659 [error] [uncaught exception in sharedProcess]: Error: ENOENT: no such file or directory, stat '/home/ash/.vscode/extensions/ms-vscode.vscode-typescript-next-5.7.20241010.28ebbbc6.vsctmp': EntryNotFound (FileSystemError): Error: ENOENT: no such file or directory, stat '/home/ash/.vscode/extensions/ms-vscode.vscode-typescript-next-5.7.20241010.28ebbbc6.vsctmp'
    at lm.create (file:///opt/visual-studio-code/resources/app/out/vs/code/electron-utility/sharedProcess/sharedProcessMain.js:35:39253)
    at Es (file:///opt/visual-studio-code/resources/app/out/vs/code/electron-utility/sharedProcess/sharedProcessMain.js:35:39360)
    at Fr.ib (file:///opt/visual-studio-code/resources/app/out/vs/code/electron-utility/sharedProcess/sharedProcessMain.js:71:22661)
    at Fr.stat (file:///opt/visual-studio-code/resources/app/out/vs/code/electron-utility/sharedProcess/sharedProcessMain.js:71:15994)
    at async eh.stat (file:///opt/visual-studio-code/resources/app/out/vs/code/electron-utility/sharedProcess/sharedProcessMain.js:70:84484)
    at async Kl.yb (file:///opt/visual-studio-code/resources/app/out/vs/code/electron-utility/sharedProcess/sharedProcessMain.js:70:66600)
2024-10-15 11:19:00.683 [info] Getting Manifest... ms-python.debugpy
2024-10-15 11:19:00.684 [info] Getting Manifest... ms-vscode.vscode-typescript-next
2024-10-15 11:19:00.777 [info] Installing extension: ms-vscode.vscode-typescript-next {"productVersion":{"version":"1.94.1","date":"2024-10-05T05:44:32.189Z"},"pinned":false,"operation":3,"isApplicationScoped":false,"profileLocation":{"$mid":1,"external":"vscode-userdata:/home/ash/.vscode/extensions/extensions.json","path":"/home/ash/.vscode/extensions/extensions.json","scheme":"vscode-userdata"},"installOnlyNewlyAddedFromExtensionPack":true}
2024-10-15 11:19:00.815 [info] Installing extension: ms-python.debugpy {"productVersion":{"version":"1.94.1","date":"2024-10-05T05:44:32.189Z"},"pinned":false,"operation":3,"isApplicationScoped":false,"profileLocation":{"$mid":1,"external":"vscode-userdata:/home/ash/.vscode/extensions/extensions.json","path":"/home/ash/.vscode/extensions/extensions.json","scheme":"vscode-userdata"},"installOnlyNewlyAddedFromExtensionPack":true}
2024-10-15 11:19:02.727 [info] Getting Manifest... ms-python.python
2024-10-15 11:19:03.421 [info] Extension signature verification result for ms-vscode.vscode-typescript-next: UnknownError. Executed: true. Duration: 27ms.
2024-10-15 11:19:03.675 [info] Extracted extension to file:///home/ash/.vscode/extensions/ms-vscode.vscode-typescript-next-5.7.20241014: ms-vscode.vscode-typescript-next
2024-10-15 11:19:03.681 [info] Renamed to /home/ash/.vscode/extensions/ms-vscode.vscode-typescript-next-5.7.20241014
2024-10-15 11:19:03.693 [info] Marked extension as uninstalled ms-vscode.vscode-typescript-next-5.7.20241013
2024-10-15 11:19:03.704 [info] Extension installed successfully: ms-vscode.vscode-typescript-next vscode-userdata:/home/ash/.vscode/extensions/extensions.json
2024-10-15 11:19:03.763 [error] [uncaught exception in sharedProcess]: Error: ENOENT: no such file or directory, stat '/home/ash/.vscode/extensions/extensions.json.vsctmp': EntryNotFound (FileSystemError): Error: ENOENT: no such file or directory, stat '/home/ash/.vscode/extensions/extensions.json.vsctmp'
    at lm.create (file:///opt/visual-studio-code/resources/app/out/vs/code/electron-utility/sharedProcess/sharedProcessMain.js:35:39253)
    at Es (file:///opt/visual-studio-code/resources/app/out/vs/code/electron-utility/sharedProcess/sharedProcessMain.js:35:39360)
    at Fr.ib (file:///opt/visual-studio-code/resources/app/out/vs/code/electron-utility/sharedProcess/sharedProcessMain.js:71:22661)
    at Fr.stat (file:///opt/visual-studio-code/resources/app/out/vs/code/electron-utility/sharedProcess/sharedProcessMain.js:71:15994)
    at async eh.stat (file:///opt/visual-studio-code/resources/app/out/vs/code/electron-utility/sharedProcess/sharedProcessMain.js:70:84484)
    at async Kl.yb (file:///opt/visual-studio-code/resources/app/out/vs/code/electron-utility/sharedProcess/sharedProcessMain.js:70:66600)
2024-10-15 11:19:04.957 [info] Extension signature verification result for ms-python.debugpy: UnknownError. Executed: true. Duration: 4ms.
2024-10-15 11:19:05.309 [info] Extracted extension to file:///home/ash/.vscode/extensions/ms-python.debugpy-2024.12.0-linux-x64: ms-python.debugpy
2024-10-15 11:19:05.315 [info] Renamed to /home/ash/.vscode/extensions/ms-python.debugpy-2024.12.0-linux-x64
2024-10-15 11:19:05.333 [info] Marked extension as uninstalled ms-python.debugpy-2024.10.0-linux-x64
2024-10-15 11:19:05.342 [info] Extension installed successfully: ms-python.debugpy vscode-userdata:/home/ash/.vscode/extensions/extensions.json
2024-10-15 11:19:05.401 [error] [uncaught exception in sharedProcess]: Error: ENOENT: no such file or directory, stat '/home/ash/.vscode/extensions/extensions.json.vsctmp': EntryNotFound (FileSystemError): Error: ENOENT: no such file or directory, stat '/home/ash/.vscode/extensions/extensions.json.vsctmp'
    at lm.create (file:///opt/visual-studio-code/resources/app/out/vs/code/electron-utility/sharedProcess/sharedProcessMain.js:35:39253)
    at Es (file:///opt/visual-studio-code/resources/app/out/vs/code/electron-utility/sharedProcess/sharedProcessMain.js:35:39360)
    at Fr.ib (file:///opt/visual-studio-code/resources/app/out/vs/code/electron-utility/sharedProcess/sharedProcessMain.js:71:22661)
    at Fr.stat (file:///opt/visual-studio-code/resources/app/out/vs/code/electron-utility/sharedProcess/sharedProcessMain.js:71:15994)
    at async eh.stat (file:///opt/visual-studio-code/resources/app/out/vs/code/electron-utility/sharedProcess/sharedProcessMain.js:70:84484)
    at async Kl.yb (file:///opt/visual-studio-code/resources/app/out/vs/code/electron-utility/sharedProcess/sharedProcessMain.js:70:66600)
