2024-10-17 14:00:25.530 [info] [main] Log level: Info
2024-10-17 14:00:25.530 [info] [main] Validating found git in: "git"
2024-10-17 14:00:25.530 [info] [main] Using git "2.47.0" from "git"
2024-10-17 14:00:25.530 [info] [Model][doInitialScan] Initial repository scan started
2024-10-17 14:00:25.530 [info] > git rev-parse --show-toplevel [134ms]
2024-10-17 14:00:25.530 [info] > git rev-parse --git-dir --git-common-dir [984ms]
2024-10-17 14:00:25.530 [info] [Model][openRepository] Opened repository: /home/ash/dev/tutorial
2024-10-17 14:00:25.536 [info] > git rev-parse --show-toplevel [54ms]
2024-10-17 14:00:25.537 [info] > git config --get commit.template [62ms]
2024-10-17 14:00:26.037 [info] [Git][getRemotes] No remotes found in the git config file
2024-10-17 14:00:26.052 [info] > git check-ignore -v -z --stdin [18ms]
2024-10-17 14:00:26.055 [info] > git rev-parse --show-toplevel [58ms]
2024-10-17 14:00:26.069 [info] > git for-each-ref --format=%(refname)%00%(upstream:short)%00%(objectname)%00%(upstream:track)%00%(upstream:remotename)%00%(upstream:remoteref) refs/heads/main refs/remotes/main [24ms]
2024-10-17 14:00:26.111 [info] > git status -z -uall [34ms]
2024-10-17 14:00:26.120 [info] > git for-each-ref --sort -committerdate --format %(refname) %(objectname) %(*objectname) [34ms]
2024-10-17 14:00:26.136 [info] > git rev-parse --show-toplevel [68ms]
2024-10-17 14:00:26.178 [info] > git for-each-ref --format=%(refname)%00%(upstream:short)%00%(objectname)%00%(upstream:track)%00%(upstream:remotename)%00%(upstream:remoteref) refs/heads/main refs/remotes/main [46ms]
2024-10-17 14:00:26.199 [info] > git config --local branch.main.vscode-merge-base [13ms]
2024-10-17 14:00:26.199 [warning] [Git][config] git config failed: Failed to execute git
2024-10-17 14:00:26.205 [info] > git rev-parse --show-toplevel [39ms]
2024-10-17 14:00:26.207 [info] [Model][doInitialScan] Initial repository scan completed - repositories (1), closed repositories (0), parent repositories (0), unsafe repositories (0)
2024-10-17 14:00:26.224 [info] > git config --get commit.template [70ms]
2024-10-17 14:00:26.230 [info] > git show --textconv :components/header.tsx [16ms]
2024-10-17 14:00:26.232 [info] > git ls-files --stage -- /home/ash/dev/tutorial/components/header.tsx [8ms]
2024-10-17 14:00:26.233 [info] > git reflog main --grep-reflog=branch: Created from *. [28ms]
2024-10-17 14:00:26.249 [info] [Git][getRemotes] No remotes found in the git config file
2024-10-17 14:00:26.253 [info] > git symbolic-ref --short refs/remotes/origin/HEAD [13ms]
2024-10-17 14:00:26.253 [info] fatal: ref refs/remotes/origin/HEAD is not a symbolic ref
2024-10-17 14:00:26.253 [warning] [Repository][getDefaultBranch] Failed to get default branch details: Failed to execute git.
2024-10-17 14:00:26.254 [info] > git for-each-ref --format=%(refname)%00%(upstream:short)%00%(objectname)%00%(upstream:track)%00%(upstream:remotename)%00%(upstream:remoteref) refs/heads/main refs/remotes/main [5ms]
2024-10-17 14:00:26.275 [info] > git status -z -uall [12ms]
2024-10-17 14:00:26.320 [info] > git for-each-ref --sort -committerdate --format %(refname) %(objectname) %(*objectname) [47ms]
2024-10-17 14:28:09.134 [info] > git show --textconv :app/page.tsx [8ms]
2024-10-17 14:28:09.135 [info] > git ls-files --stage -- /home/ash/dev/tutorial/app/page.tsx [2ms]
2024-10-17 14:28:09.143 [info] > git cat-file -s 433c8aa7fd7326ea27e55ea52d384e84e7164fc8 [2ms]
2024-10-17 14:28:11.302 [info] > git show --textconv :components/header.tsx [7ms]
2024-10-17 14:28:11.303 [info] > git ls-files --stage -- /home/ash/dev/tutorial/components/header.tsx [1ms]
2024-10-17 14:28:18.730 [info] > git config --get commit.template [1ms]
2024-10-17 14:28:18.737 [info] [Git][getRemotes] No remotes found in the git config file
2024-10-17 14:28:18.738 [info] > git for-each-ref --format=%(refname)%00%(upstream:short)%00%(objectname)%00%(upstream:track)%00%(upstream:remotename)%00%(upstream:remoteref) refs/heads/main refs/remotes/main [1ms]
2024-10-17 14:28:18.751 [info] > git status -z -uall [7ms]
2024-10-17 14:28:18.752 [info] > git for-each-ref --sort -committerdate --format %(refname) %(objectname) %(*objectname) [2ms]
2024-10-17 14:29:59.619 [info] [Git][getRemotes] No remotes found in the git config file
2024-10-17 14:29:59.621 [info] > git config --get commit.template [14ms]
2024-10-17 14:29:59.621 [info] > git for-each-ref --format=%(refname)%00%(upstream:short)%00%(objectname)%00%(upstream:track)%00%(upstream:remotename)%00%(upstream:remoteref) refs/heads/main refs/remotes/main [2ms]
2024-10-17 14:29:59.640 [info] > git status -z -uall [9ms]
2024-10-17 14:29:59.641 [info] > git for-each-ref --sort -committerdate --format %(refname) %(objectname) %(*objectname) [2ms]
2024-10-17 14:30:04.661 [info] [Git][getRemotes] No remotes found in the git config file
2024-10-17 14:30:04.662 [info] > git config --get commit.template [8ms]
2024-10-17 14:30:04.663 [info] > git for-each-ref --format=%(refname)%00%(upstream:short)%00%(objectname)%00%(upstream:track)%00%(upstream:remotename)%00%(upstream:remoteref) refs/heads/main refs/remotes/main [2ms]
2024-10-17 14:30:04.678 [info] > git status -z -uall [8ms]
2024-10-17 14:30:04.679 [info] > git for-each-ref --sort -committerdate --format %(refname) %(objectname) %(*objectname) [2ms]
2024-10-17 14:30:17.810 [info] [Git][getRemotes] No remotes found in the git config file
2024-10-17 14:30:17.810 [info] > git config --get commit.template [9ms]
2024-10-17 14:30:17.811 [info] > git for-each-ref --format=%(refname)%00%(upstream:short)%00%(objectname)%00%(upstream:track)%00%(upstream:remotename)%00%(upstream:remoteref) refs/heads/main refs/remotes/main [2ms]
2024-10-17 14:30:17.828 [info] > git status -z -uall [9ms]
2024-10-17 14:30:17.829 [info] > git for-each-ref --sort -committerdate --format %(refname) %(objectname) %(*objectname) [1ms]
2024-10-17 14:30:36.822 [info] > git config --get commit.template [3ms]
2024-10-17 14:30:36.841 [info] [Git][getRemotes] No remotes found in the git config file
2024-10-17 14:30:36.844 [info] > git for-each-ref --format=%(refname)%00%(upstream:short)%00%(objectname)%00%(upstream:track)%00%(upstream:remotename)%00%(upstream:remoteref) refs/heads/main refs/remotes/main [4ms]
2024-10-17 14:30:36.884 [info] > git status -z -uall [21ms]
2024-10-17 14:30:36.888 [info] > git for-each-ref --sort -committerdate --format %(refname) %(objectname) %(*objectname) [7ms]
2024-10-17 14:30:48.886 [info] [Git][getRemotes] No remotes found in the git config file
2024-10-17 14:30:48.887 [info] > git config --get commit.template [14ms]
2024-10-17 14:30:48.888 [info] > git for-each-ref --format=%(refname)%00%(upstream:short)%00%(objectname)%00%(upstream:track)%00%(upstream:remotename)%00%(upstream:remoteref) refs/heads/main refs/remotes/main [2ms]
2024-10-17 14:30:48.908 [info] > git status -z -uall [9ms]
2024-10-17 14:30:48.909 [info] > git for-each-ref --sort -committerdate --format %(refname) %(objectname) %(*objectname) [2ms]
2024-10-17 14:31:07.024 [info] [Git][getRemotes] No remotes found in the git config file
2024-10-17 14:31:07.025 [info] > git config --get commit.template [8ms]
2024-10-17 14:31:07.025 [info] > git for-each-ref --format=%(refname)%00%(upstream:short)%00%(objectname)%00%(upstream:track)%00%(upstream:remotename)%00%(upstream:remoteref) refs/heads/main refs/remotes/main [2ms]
2024-10-17 14:31:07.039 [info] > git status -z -uall [7ms]
2024-10-17 14:31:07.041 [info] > git for-each-ref --sort -committerdate --format %(refname) %(objectname) %(*objectname) [2ms]
2024-10-17 14:31:09.171 [info] > git show --textconv :components/navbar.tsx [13ms]
2024-10-17 14:31:09.176 [info] > git ls-files --stage -- /home/ash/dev/tutorial/components/navbar.tsx [5ms]
2024-10-17 14:31:09.403 [info] > git check-ignore -v -z --stdin [2ms]
2024-10-17 14:31:15.666 [info] > git show --textconv :app/page.tsx [7ms]
2024-10-17 14:31:15.667 [info] > git ls-files --stage -- /home/ash/dev/tutorial/app/page.tsx [1ms]
2024-10-17 14:31:15.675 [info] > git cat-file -s 433c8aa7fd7326ea27e55ea52d384e84e7164fc8 [1ms]
2024-10-17 14:31:16.310 [info] > git config --get commit.template [1ms]
2024-10-17 14:31:16.317 [info] [Git][getRemotes] No remotes found in the git config file
2024-10-17 14:31:16.318 [info] > git for-each-ref --format=%(refname)%00%(upstream:short)%00%(objectname)%00%(upstream:track)%00%(upstream:remotename)%00%(upstream:remoteref) refs/heads/main refs/remotes/main [1ms]
2024-10-17 14:31:16.330 [info] > git status -z -uall [6ms]
2024-10-17 14:31:16.331 [info] > git for-each-ref --sort -committerdate --format %(refname) %(objectname) %(*objectname) [2ms]
2024-10-17 14:31:23.791 [info] [Git][getRemotes] No remotes found in the git config file
2024-10-17 14:31:23.791 [info] > git config --get commit.template [13ms]
2024-10-17 14:31:23.792 [info] > git for-each-ref --format=%(refname)%00%(upstream:short)%00%(objectname)%00%(upstream:track)%00%(upstream:remotename)%00%(upstream:remoteref) refs/heads/main refs/remotes/main [2ms]
2024-10-17 14:31:23.818 [info] > git status -z -uall [16ms]
2024-10-17 14:31:23.819 [info] > git for-each-ref --sort -committerdate --format %(refname) %(objectname) %(*objectname) [2ms]
2024-10-17 14:31:28.837 [info] [Git][getRemotes] No remotes found in the git config file
2024-10-17 14:31:28.837 [info] > git config --get commit.template [8ms]
2024-10-17 14:31:28.837 [info] > git for-each-ref --format=%(refname)%00%(upstream:short)%00%(objectname)%00%(upstream:track)%00%(upstream:remotename)%00%(upstream:remoteref) refs/heads/main refs/remotes/main [1ms]
2024-10-17 14:31:28.852 [info] > git status -z -uall [8ms]
2024-10-17 14:31:28.852 [info] > git for-each-ref --sort -committerdate --format %(refname) %(objectname) %(*objectname) [2ms]
2024-10-17 14:31:33.851 [info] > git show --textconv :components/navbar.tsx [8ms]
2024-10-17 14:31:33.852 [info] > git ls-files --stage -- /home/ash/dev/tutorial/components/navbar.tsx [1ms]
2024-10-17 14:31:33.868 [info] [Git][getRemotes] No remotes found in the git config file
2024-10-17 14:31:33.869 [info] > git config --get commit.template [8ms]
2024-10-17 14:31:33.869 [info] > git for-each-ref --format=%(refname)%00%(upstream:short)%00%(objectname)%00%(upstream:track)%00%(upstream:remotename)%00%(upstream:remoteref) refs/heads/main refs/remotes/main [1ms]
2024-10-17 14:31:33.883 [info] > git status -z -uall [8ms]
2024-10-17 14:31:33.887 [info] > git for-each-ref --sort -committerdate --format %(refname) %(objectname) %(*objectname) [4ms]
2024-10-17 14:32:05.267 [info] [Git][getRemotes] No remotes found in the git config file
2024-10-17 14:32:05.268 [info] > git config --get commit.template [12ms]
2024-10-17 14:32:05.268 [info] > git for-each-ref --format=%(refname)%00%(upstream:short)%00%(objectname)%00%(upstream:track)%00%(upstream:remotename)%00%(upstream:remoteref) refs/heads/main refs/remotes/main [1ms]
2024-10-17 14:32:05.287 [info] > git status -z -uall [12ms]
2024-10-17 14:32:05.288 [info] > git for-each-ref --sort -committerdate --format %(refname) %(objectname) %(*objectname) [1ms]
2024-10-17 14:32:10.310 [info] [Git][getRemotes] No remotes found in the git config file
2024-10-17 14:32:10.310 [info] > git config --get commit.template [9ms]
2024-10-17 14:32:10.311 [info] > git for-each-ref --format=%(refname)%00%(upstream:short)%00%(objectname)%00%(upstream:track)%00%(upstream:remotename)%00%(upstream:remoteref) refs/heads/main refs/remotes/main [1ms]
2024-10-17 14:32:10.330 [info] > git status -z -uall [10ms]
2024-10-17 14:32:10.332 [info] > git for-each-ref --sort -committerdate --format %(refname) %(objectname) %(*objectname) [4ms]
2024-10-17 14:32:17.749 [info] > git config --get commit.template [3ms]
2024-10-17 14:32:17.758 [info] [Git][getRemotes] No remotes found in the git config file
2024-10-17 14:32:17.760 [info] > git for-each-ref --format=%(refname)%00%(upstream:short)%00%(objectname)%00%(upstream:track)%00%(upstream:remotename)%00%(upstream:remoteref) refs/heads/main refs/remotes/main [2ms]
2024-10-17 14:32:17.783 [info] > git status -z -uall [13ms]
2024-10-17 14:32:17.785 [info] > git for-each-ref --sort -committerdate --format %(refname) %(objectname) %(*objectname) [3ms]
2024-10-17 14:32:25.163 [info] [Git][getRemotes] No remotes found in the git config file
2024-10-17 14:32:25.166 [info] > git for-each-ref --format=%(refname)%00%(upstream:short)%00%(objectname)%00%(upstream:track)%00%(upstream:remotename)%00%(upstream:remoteref) refs/heads/main refs/remotes/main [3ms]
2024-10-17 14:32:25.166 [info] > git config --get commit.template [13ms]
2024-10-17 14:32:25.187 [info] > git status -z -uall [13ms]
2024-10-17 14:32:25.188 [info] > git for-each-ref --sort -committerdate --format %(refname) %(objectname) %(*objectname) [2ms]
2024-10-17 14:32:30.197 [info] > git config --get commit.template [1ms]
2024-10-17 14:32:30.202 [info] [Git][getRemotes] No remotes found in the git config file
2024-10-17 14:32:30.203 [info] > git for-each-ref --format=%(refname)%00%(upstream:short)%00%(objectname)%00%(upstream:track)%00%(upstream:remotename)%00%(upstream:remoteref) refs/heads/main refs/remotes/main [1ms]
2024-10-17 14:32:30.212 [info] > git status -z -uall [5ms]
2024-10-17 14:32:30.213 [info] > git for-each-ref --sort -committerdate --format %(refname) %(objectname) %(*objectname) [1ms]
2024-10-17 14:32:42.601 [info] [Git][getRemotes] No remotes found in the git config file
2024-10-17 14:32:42.603 [info] > git config --get commit.template [13ms]
2024-10-17 14:32:42.603 [info] > git for-each-ref --format=%(refname)%00%(upstream:short)%00%(objectname)%00%(upstream:track)%00%(upstream:remotename)%00%(upstream:remoteref) refs/heads/main refs/remotes/main [2ms]
2024-10-17 14:32:42.622 [info] > git status -z -uall [9ms]
2024-10-17 14:32:42.623 [info] > git for-each-ref --sort -committerdate --format %(refname) %(objectname) %(*objectname) [2ms]
2024-10-17 14:33:01.874 [info] > git check-ignore -v -z --stdin [14ms]
2024-10-17 14:33:02.371 [info] > git show --textconv :components/navlink.tsx [10ms]
2024-10-17 14:33:02.372 [info] > git ls-files --stage -- /home/ash/dev/tutorial/components/navlink.tsx [3ms]
2024-10-17 14:33:02.589 [info] [Git][getRemotes] No remotes found in the git config file
2024-10-17 14:33:02.590 [info] > git config --get commit.template [11ms]
2024-10-17 14:33:02.590 [info] > git for-each-ref --format=%(refname)%00%(upstream:short)%00%(objectname)%00%(upstream:track)%00%(upstream:remotename)%00%(upstream:remoteref) refs/heads/main refs/remotes/main [2ms]
2024-10-17 14:33:02.626 [info] > git status -z -uall [28ms]
2024-10-17 14:33:02.627 [info] > git for-each-ref --sort -committerdate --format %(refname) %(objectname) %(*objectname) [20ms]
2024-10-17 14:33:19.230 [info] [Git][getRemotes] No remotes found in the git config file
2024-10-17 14:33:19.231 [info] > git config --get commit.template [8ms]
2024-10-17 14:33:19.232 [info] > git for-each-ref --format=%(refname)%00%(upstream:short)%00%(objectname)%00%(upstream:track)%00%(upstream:remotename)%00%(upstream:remoteref) refs/heads/main refs/remotes/main [2ms]
2024-10-17 14:33:19.247 [info] > git status -z -uall [9ms]
2024-10-17 14:33:19.248 [info] > git for-each-ref --sort -committerdate --format %(refname) %(objectname) %(*objectname) [2ms]
2024-10-17 14:33:24.244 [info] > git show --textconv :components/navbar.tsx [7ms]
2024-10-17 14:33:24.246 [info] > git ls-files --stage -- /home/ash/dev/tutorial/components/navbar.tsx [2ms]
2024-10-17 14:33:48.588 [info] [Git][getRemotes] No remotes found in the git config file
2024-10-17 14:33:48.590 [info] > git config --get commit.template [12ms]
2024-10-17 14:33:48.590 [info] > git for-each-ref --format=%(refname)%00%(upstream:short)%00%(objectname)%00%(upstream:track)%00%(upstream:remotename)%00%(upstream:remoteref) refs/heads/main refs/remotes/main [2ms]
2024-10-17 14:33:48.614 [info] > git status -z -uall [11ms]
2024-10-17 14:33:48.616 [info] > git for-each-ref --sort -committerdate --format %(refname) %(objectname) %(*objectname) [4ms]
2024-10-17 14:34:04.771 [info] > git show --textconv :app/globals.css [8ms]
2024-10-17 14:34:04.772 [info] > git ls-files --stage -- /home/ash/dev/tutorial/app/globals.css [1ms]
2024-10-17 14:34:04.780 [info] > git cat-file -s 13d40b892057e0e4271c5c8f9fc8db30e80f2409 [3ms]
2024-10-17 14:34:11.905 [info] > git show --textconv :app/page.tsx [10ms]
2024-10-17 14:34:11.906 [info] > git ls-files --stage -- /home/ash/dev/tutorial/app/page.tsx [2ms]
2024-10-17 14:34:11.914 [info] > git cat-file -s 433c8aa7fd7326ea27e55ea52d384e84e7164fc8 [2ms]
2024-10-17 14:34:12.795 [info] > git show --textconv :app/layout.tsx [7ms]
2024-10-17 14:34:12.797 [info] > git ls-files --stage -- /home/ash/dev/tutorial/app/layout.tsx [3ms]
2024-10-17 14:34:12.804 [info] > git cat-file -s a36cde01c60b91e16e4c976d00546686e2d4e470 [1ms]
2024-10-17 14:34:18.223 [info] > git show --textconv :app/globals.css [1ms]
2024-10-17 14:34:18.237 [info] > git ls-files --stage -- /home/ash/dev/tutorial/app/globals.css [1ms]
2024-10-17 14:34:18.251 [info] > git cat-file -s 13d40b892057e0e4271c5c8f9fc8db30e80f2409 [3ms]
2024-10-17 14:34:20.087 [info] [Git][getRemotes] No remotes found in the git config file
2024-10-17 14:34:20.093 [info] > git config --get commit.template [6ms]
2024-10-17 14:34:20.094 [info] > git for-each-ref --format=%(refname)%00%(upstream:short)%00%(objectname)%00%(upstream:track)%00%(upstream:remotename)%00%(upstream:remoteref) refs/heads/main refs/remotes/main [1ms]
2024-10-17 14:34:20.106 [info] > git status -z -uall [7ms]
2024-10-17 14:34:20.107 [info] > git for-each-ref --sort -committerdate --format %(refname) %(objectname) %(*objectname) [2ms]
2024-10-17 14:34:40.912 [info] [Git][getRemotes] No remotes found in the git config file
2024-10-17 14:34:40.913 [info] > git config --get commit.template [13ms]
2024-10-17 14:34:40.914 [info] > git for-each-ref --format=%(refname)%00%(upstream:short)%00%(objectname)%00%(upstream:track)%00%(upstream:remotename)%00%(upstream:remoteref) refs/heads/main refs/remotes/main [2ms]
2024-10-17 14:34:40.934 [info] > git status -z -uall [12ms]
2024-10-17 14:34:40.935 [info] > git for-each-ref --sort -committerdate --format %(refname) %(objectname) %(*objectname) [2ms]
2024-10-17 14:35:03.829 [info] [Git][getRemotes] No remotes found in the git config file
2024-10-17 14:35:03.830 [info] > git config --get commit.template [12ms]
2024-10-17 14:35:03.831 [info] > git for-each-ref --format=%(refname)%00%(upstream:short)%00%(objectname)%00%(upstream:track)%00%(upstream:remotename)%00%(upstream:remoteref) refs/heads/main refs/remotes/main [2ms]
2024-10-17 14:35:03.849 [info] > git status -z -uall [11ms]
2024-10-17 14:35:03.850 [info] > git for-each-ref --sort -committerdate --format %(refname) %(objectname) %(*objectname) [1ms]
2024-10-17 14:36:54.804 [info] [Git][getRemotes] No remotes found in the git config file
2024-10-17 14:36:54.805 [info] > git config --get commit.template [12ms]
2024-10-17 14:36:54.805 [info] > git for-each-ref --format=%(refname)%00%(upstream:short)%00%(objectname)%00%(upstream:track)%00%(upstream:remotename)%00%(upstream:remoteref) refs/heads/main refs/remotes/main [1ms]
2024-10-17 14:36:54.824 [info] > git status -z -uall [9ms]
2024-10-17 14:36:54.825 [info] > git for-each-ref --sort -committerdate --format %(refname) %(objectname) %(*objectname) [2ms]
2024-10-17 14:37:25.680 [info] > git config --get commit.template [3ms]
2024-10-17 14:37:25.689 [info] [Git][getRemotes] No remotes found in the git config file
2024-10-17 14:37:25.691 [info] > git for-each-ref --format=%(refname)%00%(upstream:short)%00%(objectname)%00%(upstream:track)%00%(upstream:remotename)%00%(upstream:remoteref) refs/heads/main refs/remotes/main [2ms]
2024-10-17 14:37:25.707 [info] > git status -z -uall [9ms]
2024-10-17 14:37:25.708 [info] > git for-each-ref --sort -committerdate --format %(refname) %(objectname) %(*objectname) [1ms]
2024-10-17 14:37:28.206 [info] > git show --textconv :app/page.tsx [8ms]
2024-10-17 14:37:28.207 [info] > git ls-files --stage -- /home/ash/dev/tutorial/app/page.tsx [2ms]
2024-10-17 14:37:28.215 [info] > git cat-file -s 433c8aa7fd7326ea27e55ea52d384e84e7164fc8 [1ms]
2024-10-17 14:37:29.147 [info] > git show --textconv :components/navbar.tsx [19ms]
2024-10-17 14:37:29.151 [info] > git ls-files --stage -- /home/ash/dev/tutorial/components/navbar.tsx [5ms]
2024-10-17 14:37:36.404 [info] [Git][getRemotes] No remotes found in the git config file
2024-10-17 14:37:36.404 [info] > git config --get commit.template [13ms]
2024-10-17 14:37:36.405 [info] > git for-each-ref --format=%(refname)%00%(upstream:short)%00%(objectname)%00%(upstream:track)%00%(upstream:remotename)%00%(upstream:remoteref) refs/heads/main refs/remotes/main [2ms]
2024-10-17 14:37:36.424 [info] > git status -z -uall [10ms]
2024-10-17 14:37:36.425 [info] > git for-each-ref --sort -committerdate --format %(refname) %(objectname) %(*objectname) [2ms]
2024-10-17 14:37:41.442 [info] [Git][getRemotes] No remotes found in the git config file
2024-10-17 14:37:41.442 [info] > git config --get commit.template [8ms]
2024-10-17 14:37:41.442 [info] > git for-each-ref --format=%(refname)%00%(upstream:short)%00%(objectname)%00%(upstream:track)%00%(upstream:remotename)%00%(upstream:remoteref) refs/heads/main refs/remotes/main [1ms]
2024-10-17 14:37:41.457 [info] > git status -z -uall [7ms]
2024-10-17 14:37:41.458 [info] > git for-each-ref --sort -committerdate --format %(refname) %(objectname) %(*objectname) [2ms]
2024-10-17 14:37:48.365 [info] [Git][getRemotes] No remotes found in the git config file
2024-10-17 14:37:48.366 [info] > git config --get commit.template [10ms]
2024-10-17 14:37:48.368 [info] > git for-each-ref --format=%(refname)%00%(upstream:short)%00%(objectname)%00%(upstream:track)%00%(upstream:remotename)%00%(upstream:remoteref) refs/heads/main refs/remotes/main [3ms]
2024-10-17 14:37:48.388 [info] > git status -z -uall [9ms]
2024-10-17 14:37:48.390 [info] > git for-each-ref --sort -committerdate --format %(refname) %(objectname) %(*objectname) [3ms]
2024-10-17 14:38:05.877 [info] [Git][getRemotes] No remotes found in the git config file
2024-10-17 14:38:05.878 [info] > git config --get commit.template [12ms]
2024-10-17 14:38:05.879 [info] > git for-each-ref --format=%(refname)%00%(upstream:short)%00%(objectname)%00%(upstream:track)%00%(upstream:remotename)%00%(upstream:remoteref) refs/heads/main refs/remotes/main [2ms]
2024-10-17 14:38:05.901 [info] > git status -z -uall [14ms]
2024-10-17 14:38:05.902 [info] > git for-each-ref --sort -committerdate --format %(refname) %(objectname) %(*objectname) [2ms]
2024-10-17 14:45:19.536 [info] [Git][getRemotes] No remotes found in the git config file
2024-10-17 14:45:19.537 [info] > git config --get commit.template [12ms]
2024-10-17 14:45:19.538 [info] > git for-each-ref --format=%(refname)%00%(upstream:short)%00%(objectname)%00%(upstream:track)%00%(upstream:remotename)%00%(upstream:remoteref) refs/heads/main refs/remotes/main [2ms]
2024-10-17 14:45:19.562 [info] > git status -z -uall [11ms]
2024-10-17 14:45:19.564 [info] > git for-each-ref --sort -committerdate --format %(refname) %(objectname) %(*objectname) [5ms]
2024-10-17 14:45:22.033 [info] > git show --textconv :app/page.tsx [9ms]
2024-10-17 14:45:22.035 [info] > git ls-files --stage -- /home/ash/dev/tutorial/app/page.tsx [2ms]
2024-10-17 14:45:22.042 [info] > git cat-file -s 433c8aa7fd7326ea27e55ea52d384e84e7164fc8 [1ms]
2024-10-17 14:45:23.292 [info] > git show --textconv :app/layout.tsx [6ms]
2024-10-17 14:45:23.293 [info] > git ls-files --stage -- /home/ash/dev/tutorial/app/layout.tsx [1ms]
2024-10-17 14:45:23.301 [info] > git cat-file -s a36cde01c60b91e16e4c976d00546686e2d4e470 [1ms]
2024-10-17 14:45:24.582 [info] [Git][getRemotes] No remotes found in the git config file
2024-10-17 14:45:24.583 [info] > git config --get commit.template [9ms]
2024-10-17 14:45:24.583 [info] > git for-each-ref --format=%(refname)%00%(upstream:short)%00%(objectname)%00%(upstream:track)%00%(upstream:remotename)%00%(upstream:remoteref) refs/heads/main refs/remotes/main [1ms]
2024-10-17 14:45:24.599 [info] > git status -z -uall [8ms]
2024-10-17 14:45:24.599 [info] > git for-each-ref --sort -committerdate --format %(refname) %(objectname) %(*objectname) [1ms]
2024-10-17 14:46:28.157 [info] > git show --textconv :app/page.tsx [9ms]
2024-10-17 14:46:28.158 [info] > git ls-files --stage -- /home/ash/dev/tutorial/app/page.tsx [2ms]
2024-10-17 14:46:28.167 [info] > git cat-file -s 433c8aa7fd7326ea27e55ea52d384e84e7164fc8 [1ms]
2024-10-17 14:46:30.087 [info] > git check-ignore -v -z --stdin [1ms]
2024-10-17 14:46:51.517 [info] > git check-ignore -v -z --stdin [3ms]
2024-10-17 14:46:52.335 [info] [Git][getRemotes] No remotes found in the git config file
2024-10-17 14:46:52.336 [info] > git config --get commit.template [20ms]
2024-10-17 14:46:52.338 [info] > git for-each-ref --format=%(refname)%00%(upstream:short)%00%(objectname)%00%(upstream:track)%00%(upstream:remotename)%00%(upstream:remoteref) refs/heads/main refs/remotes/main [3ms]
2024-10-17 14:46:52.369 [info] > git status -z -uall [15ms]
2024-10-17 14:46:52.370 [info] > git for-each-ref --sort -committerdate --format %(refname) %(objectname) %(*objectname) [2ms]
2024-10-17 14:47:31.929 [info] [Git][getRemotes] No remotes found in the git config file
2024-10-17 14:47:31.930 [info] > git config --get commit.template [11ms]
2024-10-17 14:47:31.931 [info] > git for-each-ref --format=%(refname)%00%(upstream:short)%00%(objectname)%00%(upstream:track)%00%(upstream:remotename)%00%(upstream:remoteref) refs/heads/main refs/remotes/main [2ms]
2024-10-17 14:47:31.948 [info] > git status -z -uall [10ms]
2024-10-17 14:47:31.949 [info] > git for-each-ref --sort -committerdate --format %(refname) %(objectname) %(*objectname) [1ms]
2024-10-17 14:47:36.865 [info] > git check-ignore -v -z --stdin [1ms]
2024-10-17 14:47:39.184 [info] > git show --textconv :components/navlink.tsx [9ms]
2024-10-17 14:47:39.185 [info] > git ls-files --stage -- /home/ash/dev/tutorial/components/navlink.tsx [2ms]
2024-10-17 14:47:39.834 [info] > git show --textconv :app/globals.css [9ms]
2024-10-17 14:47:39.835 [info] > git ls-files --stage -- /home/ash/dev/tutorial/app/globals.css [1ms]
2024-10-17 14:47:39.843 [info] > git cat-file -s 13d40b892057e0e4271c5c8f9fc8db30e80f2409 [1ms]
2024-10-17 14:47:41.218 [info] > git show --textconv :app/layout.tsx [21ms]
2024-10-17 14:47:41.224 [info] > git ls-files --stage -- /home/ash/dev/tutorial/app/layout.tsx [8ms]
2024-10-17 14:47:41.238 [info] > git cat-file -s a36cde01c60b91e16e4c976d00546686e2d4e470 [1ms]
2024-10-17 14:47:42.007 [info] > git show --textconv :app/page.tsx [8ms]
2024-10-17 14:47:42.008 [info] > git ls-files --stage -- /home/ash/dev/tutorial/app/page.tsx [2ms]
2024-10-17 14:47:42.016 [info] > git cat-file -s 433c8aa7fd7326ea27e55ea52d384e84e7164fc8 [1ms]
2024-10-17 14:47:43.809 [info] > git show --textconv :components/navlink.tsx [9ms]
2024-10-17 14:47:43.809 [info] > git ls-files --stage -- /home/ash/dev/tutorial/components/navlink.tsx [1ms]
2024-10-17 14:47:44.652 [info] > git show --textconv :components/navbar.tsx [8ms]
2024-10-17 14:47:44.653 [info] > git ls-files --stage -- /home/ash/dev/tutorial/components/navbar.tsx [1ms]
2024-10-17 14:47:46.667 [info] > git show --textconv :app/globals.css [11ms]
2024-10-17 14:47:46.668 [info] > git ls-files --stage -- /home/ash/dev/tutorial/app/globals.css [1ms]
2024-10-17 14:47:46.677 [info] > git cat-file -s 13d40b892057e0e4271c5c8f9fc8db30e80f2409 [1ms]
2024-10-17 14:47:50.119 [info] > git show --textconv :app/page.tsx [12ms]
2024-10-17 14:47:50.121 [info] > git ls-files --stage -- /home/ash/dev/tutorial/app/page.tsx [3ms]
2024-10-17 14:47:50.131 [info] > git cat-file -s 433c8aa7fd7326ea27e55ea52d384e84e7164fc8 [2ms]
2024-10-17 14:47:51.220 [info] > git show --textconv :app/layout.tsx [16ms]
2024-10-17 14:47:51.221 [info] > git ls-files --stage -- /home/ash/dev/tutorial/app/layout.tsx [2ms]
2024-10-17 14:47:51.240 [info] > git cat-file -s a36cde01c60b91e16e4c976d00546686e2d4e470 [5ms]
2024-10-17 14:48:31.908 [info] > git config --get commit.template [3ms]
2024-10-17 14:48:31.918 [info] [Git][getRemotes] No remotes found in the git config file
2024-10-17 14:48:31.919 [info] > git for-each-ref --format=%(refname)%00%(upstream:short)%00%(objectname)%00%(upstream:track)%00%(upstream:remotename)%00%(upstream:remoteref) refs/heads/main refs/remotes/main [1ms]
2024-10-17 14:48:31.942 [info] > git status -z -uall [13ms]
2024-10-17 14:48:31.943 [info] > git for-each-ref --sort -committerdate --format %(refname) %(objectname) %(*objectname) [1ms]
2024-10-17 14:48:36.960 [info] [Git][getRemotes] No remotes found in the git config file
2024-10-17 14:48:36.960 [info] > git config --get commit.template [8ms]
2024-10-17 14:48:36.961 [info] > git for-each-ref --format=%(refname)%00%(upstream:short)%00%(objectname)%00%(upstream:track)%00%(upstream:remotename)%00%(upstream:remoteref) refs/heads/main refs/remotes/main [2ms]
2024-10-17 14:48:36.977 [info] > git status -z -uall [9ms]
2024-10-17 14:48:36.978 [info] > git for-each-ref --sort -committerdate --format %(refname) %(objectname) %(*objectname) [2ms]
2024-10-17 14:49:35.103 [info] [Git][getRemotes] No remotes found in the git config file
2024-10-17 14:49:35.103 [info] > git config --get commit.template [5ms]
2024-10-17 14:49:35.104 [info] > git for-each-ref --format=%(refname)%00%(upstream:short)%00%(objectname)%00%(upstream:track)%00%(upstream:remotename)%00%(upstream:remoteref) refs/heads/main refs/remotes/main [1ms]
2024-10-17 14:49:35.116 [info] > git status -z -uall [7ms]
2024-10-17 14:49:35.117 [info] > git for-each-ref --sort -committerdate --format %(refname) %(objectname) %(*objectname) [1ms]
2024-10-17 14:49:40.891 [info] [Git][getRemotes] No remotes found in the git config file
2024-10-17 14:49:40.891 [info] > git config --get commit.template [8ms]
2024-10-17 14:49:40.892 [info] > git for-each-ref --format=%(refname)%00%(upstream:short)%00%(objectname)%00%(upstream:track)%00%(upstream:remotename)%00%(upstream:remoteref) refs/heads/main refs/remotes/main [1ms]
2024-10-17 14:49:40.908 [info] > git status -z -uall [9ms]
2024-10-17 14:49:40.909 [info] > git for-each-ref --sort -committerdate --format %(refname) %(objectname) %(*objectname) [1ms]
2024-10-17 14:50:31.001 [info] [Git][getRemotes] No remotes found in the git config file
2024-10-17 14:50:31.002 [info] > git config --get commit.template [9ms]
2024-10-17 14:50:31.002 [info] > git for-each-ref --format=%(refname)%00%(upstream:short)%00%(objectname)%00%(upstream:track)%00%(upstream:remotename)%00%(upstream:remoteref) refs/heads/main refs/remotes/main [1ms]
2024-10-17 14:50:31.015 [info] > git status -z -uall [8ms]
2024-10-17 14:50:31.016 [info] > git for-each-ref --sort -committerdate --format %(refname) %(objectname) %(*objectname) [1ms]
2024-10-17 14:51:03.618 [info] [Git][getRemotes] No remotes found in the git config file
2024-10-17 14:51:03.618 [info] > git config --get commit.template [10ms]
2024-10-17 14:51:03.619 [info] > git for-each-ref --format=%(refname)%00%(upstream:short)%00%(objectname)%00%(upstream:track)%00%(upstream:remotename)%00%(upstream:remoteref) refs/heads/main refs/remotes/main [1ms]
2024-10-17 14:51:03.638 [info] > git status -z -uall [10ms]
2024-10-17 14:51:03.639 [info] > git for-each-ref --sort -committerdate --format %(refname) %(objectname) %(*objectname) [1ms]
2024-10-17 14:51:08.681 [info] [Git][getRemotes] No remotes found in the git config file
2024-10-17 14:51:08.682 [info] > git config --get commit.template [21ms]
2024-10-17 14:51:08.684 [info] > git for-each-ref --format=%(refname)%00%(upstream:short)%00%(objectname)%00%(upstream:track)%00%(upstream:remotename)%00%(upstream:remoteref) refs/heads/main refs/remotes/main [3ms]
2024-10-17 14:51:08.722 [info] > git status -z -uall [20ms]
2024-10-17 14:51:08.725 [info] > git for-each-ref --sort -committerdate --format %(refname) %(objectname) %(*objectname) [6ms]
2024-10-17 14:51:29.669 [info] > git check-ignore -v -z --stdin [1ms]
2024-10-17 14:51:30.410 [info] [Git][getRemotes] No remotes found in the git config file
2024-10-17 14:51:30.420 [info] > git config --get commit.template [10ms]
2024-10-17 14:51:30.421 [info] > git for-each-ref --format=%(refname)%00%(upstream:short)%00%(objectname)%00%(upstream:track)%00%(upstream:remotename)%00%(upstream:remoteref) refs/heads/main refs/remotes/main [1ms]
2024-10-17 14:51:30.436 [info] > git status -z -uall [10ms]
2024-10-17 14:51:30.437 [info] > git for-each-ref --sort -committerdate --format %(refname) %(objectname) %(*objectname) [2ms]
2024-10-17 14:51:35.450 [info] [Git][getRemotes] No remotes found in the git config file
2024-10-17 14:51:35.450 [info] > git config --get commit.template [6ms]
2024-10-17 14:51:35.451 [info] > git for-each-ref --format=%(refname)%00%(upstream:short)%00%(objectname)%00%(upstream:track)%00%(upstream:remotename)%00%(upstream:remoteref) refs/heads/main refs/remotes/main [1ms]
2024-10-17 14:51:35.461 [info] > git status -z -uall [5ms]
2024-10-17 14:51:35.462 [info] > git for-each-ref --sort -committerdate --format %(refname) %(objectname) %(*objectname) [1ms]
2024-10-17 14:52:34.675 [info] > git config --get commit.template [1ms]
2024-10-17 14:52:34.681 [info] [Git][getRemotes] No remotes found in the git config file
2024-10-17 14:52:34.682 [info] > git for-each-ref --format=%(refname)%00%(upstream:short)%00%(objectname)%00%(upstream:track)%00%(upstream:remotename)%00%(upstream:remoteref) refs/heads/main refs/remotes/main [1ms]
2024-10-17 14:52:34.693 [info] > git status -z -uall [6ms]
2024-10-17 14:52:34.694 [info] > git for-each-ref --sort -committerdate --format %(refname) %(objectname) %(*objectname) [1ms]
2024-10-17 14:52:41.427 [info] [Git][getRemotes] No remotes found in the git config file
2024-10-17 14:52:41.429 [info] > git config --get commit.template [12ms]
2024-10-17 14:52:41.430 [info] > git for-each-ref --format=%(refname)%00%(upstream:short)%00%(objectname)%00%(upstream:track)%00%(upstream:remotename)%00%(upstream:remoteref) refs/heads/main refs/remotes/main [3ms]
2024-10-17 14:52:41.450 [info] > git status -z -uall [10ms]
2024-10-17 14:52:41.451 [info] > git for-each-ref --sort -committerdate --format %(refname) %(objectname) %(*objectname) [2ms]
2024-10-17 14:52:51.300 [info] [Git][getRemotes] No remotes found in the git config file
2024-10-17 14:52:51.300 [info] > git config --get commit.template [9ms]
2024-10-17 14:52:51.301 [info] > git for-each-ref --format=%(refname)%00%(upstream:short)%00%(objectname)%00%(upstream:track)%00%(upstream:remotename)%00%(upstream:remoteref) refs/heads/main refs/remotes/main [1ms]
2024-10-17 14:52:51.319 [info] > git status -z -uall [10ms]
2024-10-17 14:52:51.320 [info] > git for-each-ref --sort -committerdate --format %(refname) %(objectname) %(*objectname) [1ms]
2024-10-17 14:52:56.335 [info] [Git][getRemotes] No remotes found in the git config file
2024-10-17 14:52:56.336 [info] > git for-each-ref --format=%(refname)%00%(upstream:short)%00%(objectname)%00%(upstream:track)%00%(upstream:remotename)%00%(upstream:remoteref) refs/heads/main refs/remotes/main [2ms]
2024-10-17 14:52:56.336 [info] > git config --get commit.template [7ms]
2024-10-17 14:52:56.348 [info] > git status -z -uall [7ms]
2024-10-17 14:52:56.348 [info] > git for-each-ref --sort -committerdate --format %(refname) %(objectname) %(*objectname) [1ms]
2024-10-17 14:53:09.020 [info] > git config --get commit.template [2ms]
2024-10-17 14:53:09.030 [info] [Git][getRemotes] No remotes found in the git config file
2024-10-17 14:53:09.031 [info] > git for-each-ref --format=%(refname)%00%(upstream:short)%00%(objectname)%00%(upstream:track)%00%(upstream:remotename)%00%(upstream:remoteref) refs/heads/main refs/remotes/main [2ms]
2024-10-17 14:53:09.050 [info] > git status -z -uall [10ms]
2024-10-17 14:53:09.050 [info] > git for-each-ref --sort -committerdate --format %(refname) %(objectname) %(*objectname) [1ms]
2024-10-17 14:53:23.121 [info] [Git][getRemotes] No remotes found in the git config file
2024-10-17 14:53:23.141 [info] > git config --get commit.template [20ms]
2024-10-17 14:53:23.142 [info] > git for-each-ref --format=%(refname)%00%(upstream:short)%00%(objectname)%00%(upstream:track)%00%(upstream:remotename)%00%(upstream:remoteref) refs/heads/main refs/remotes/main [3ms]
2024-10-17 14:53:23.186 [info] > git status -z -uall [24ms]
2024-10-17 14:53:23.189 [info] > git for-each-ref --sort -committerdate --format %(refname) %(objectname) %(*objectname) [4ms]
2024-10-17 14:53:37.191 [info] [Git][getRemotes] No remotes found in the git config file
2024-10-17 14:53:37.192 [info] > git config --get commit.template [8ms]
2024-10-17 14:53:37.192 [info] > git for-each-ref --format=%(refname)%00%(upstream:short)%00%(objectname)%00%(upstream:track)%00%(upstream:remotename)%00%(upstream:remoteref) refs/heads/main refs/remotes/main [1ms]
2024-10-17 14:53:37.208 [info] > git status -z -uall [7ms]
2024-10-17 14:53:37.208 [info] > git for-each-ref --sort -committerdate --format %(refname) %(objectname) %(*objectname) [1ms]
2024-10-17 14:53:48.064 [info] [Git][getRemotes] No remotes found in the git config file
2024-10-17 14:53:48.066 [info] > git config --get commit.template [21ms]
2024-10-17 14:53:48.067 [info] > git for-each-ref --format=%(refname)%00%(upstream:short)%00%(objectname)%00%(upstream:track)%00%(upstream:remotename)%00%(upstream:remoteref) refs/heads/main refs/remotes/main [3ms]
2024-10-17 14:53:48.093 [info] > git status -z -uall [9ms]
2024-10-17 14:53:48.094 [info] > git for-each-ref --sort -committerdate --format %(refname) %(objectname) %(*objectname) [2ms]
2024-10-17 14:54:00.236 [info] [Git][getRemotes] No remotes found in the git config file
2024-10-17 14:54:00.237 [info] > git config --get commit.template [7ms]
2024-10-17 14:54:00.237 [info] > git for-each-ref --format=%(refname)%00%(upstream:short)%00%(objectname)%00%(upstream:track)%00%(upstream:remotename)%00%(upstream:remoteref) refs/heads/main refs/remotes/main [1ms]
2024-10-17 14:54:00.249 [info] > git status -z -uall [6ms]
2024-10-17 14:54:00.250 [info] > git for-each-ref --sort -committerdate --format %(refname) %(objectname) %(*objectname) [1ms]
2024-10-17 14:54:46.350 [info] [Git][getRemotes] No remotes found in the git config file
2024-10-17 14:54:46.350 [info] > git config --get commit.template [16ms]
2024-10-17 14:54:46.352 [info] > git for-each-ref --format=%(refname)%00%(upstream:short)%00%(objectname)%00%(upstream:track)%00%(upstream:remotename)%00%(upstream:remoteref) refs/heads/main refs/remotes/main [3ms]
2024-10-17 14:54:46.384 [info] > git status -z -uall [18ms]
2024-10-17 14:54:46.385 [info] > git for-each-ref --sort -committerdate --format %(refname) %(objectname) %(*objectname) [3ms]
2024-10-17 14:54:58.270 [info] [Git][getRemotes] No remotes found in the git config file
2024-10-17 14:54:58.270 [info] > git config --get commit.template [10ms]
2024-10-17 14:54:58.271 [info] > git for-each-ref --format=%(refname)%00%(upstream:short)%00%(objectname)%00%(upstream:track)%00%(upstream:remotename)%00%(upstream:remoteref) refs/heads/main refs/remotes/main [1ms]
2024-10-17 14:54:58.289 [info] > git status -z -uall [8ms]
2024-10-17 14:54:58.290 [info] > git for-each-ref --sort -committerdate --format %(refname) %(objectname) %(*objectname) [1ms]
2024-10-17 14:55:22.706 [info] > git show --textconv :app/globals.css [11ms]
2024-10-17 14:55:22.707 [info] > git ls-files --stage -- /home/ash/dev/tutorial/app/globals.css [3ms]
2024-10-17 14:55:22.717 [info] > git cat-file -s 13d40b892057e0e4271c5c8f9fc8db30e80f2409 [1ms]
2024-10-17 14:55:24.127 [info] > git show --textconv :app/page.tsx [10ms]
2024-10-17 14:55:24.127 [info] > git ls-files --stage -- /home/ash/dev/tutorial/app/page.tsx [1ms]
2024-10-17 14:55:24.137 [info] > git cat-file -s 433c8aa7fd7326ea27e55ea52d384e84e7164fc8 [1ms]
2024-10-17 14:55:29.504 [info] > git show --textconv :app/layout.tsx [10ms]
2024-10-17 14:55:29.506 [info] > git ls-files --stage -- /home/ash/dev/tutorial/app/layout.tsx [2ms]
2024-10-17 14:55:29.515 [info] > git cat-file -s a36cde01c60b91e16e4c976d00546686e2d4e470 [1ms]
2024-10-17 14:55:30.155 [info] > git show --textconv :app/globals.css [11ms]
2024-10-17 14:55:30.156 [info] > git ls-files --stage -- /home/ash/dev/tutorial/app/globals.css [2ms]
2024-10-17 14:55:30.164 [info] > git cat-file -s 13d40b892057e0e4271c5c8f9fc8db30e80f2409 [2ms]
2024-10-17 14:55:55.259 [info] > git config --get commit.template [2ms]
2024-10-17 14:55:55.259 [info] [Git][getRemotes] No remotes found in the git config file
2024-10-17 14:55:55.272 [info] > git for-each-ref --format=%(refname)%00%(upstream:short)%00%(objectname)%00%(upstream:track)%00%(upstream:remotename)%00%(upstream:remoteref) refs/heads/main refs/remotes/main [1ms]
2024-10-17 14:55:55.300 [info] > git status -z -uall [13ms]
2024-10-17 14:55:55.302 [info] > git for-each-ref --sort -committerdate --format %(refname) %(objectname) %(*objectname) [3ms]
2024-10-17 14:55:59.717 [info] > git show --textconv :app/page.tsx [8ms]
2024-10-17 14:55:59.718 [info] > git ls-files --stage -- /home/ash/dev/tutorial/app/page.tsx [1ms]
2024-10-17 14:55:59.726 [info] > git cat-file -s 433c8aa7fd7326ea27e55ea52d384e84e7164fc8 [1ms]
2024-10-17 14:56:00.940 [info] > git show --textconv :app/layout.tsx [10ms]
2024-10-17 14:56:00.940 [info] > git ls-files --stage -- /home/ash/dev/tutorial/app/layout.tsx [1ms]
2024-10-17 14:56:00.949 [info] > git cat-file -s a36cde01c60b91e16e4c976d00546686e2d4e470 [2ms]
2024-10-17 14:56:11.065 [info] [Git][getRemotes] No remotes found in the git config file
2024-10-17 14:56:11.083 [info] > git config --get commit.template [20ms]
2024-10-17 14:56:11.085 [info] > git for-each-ref --format=%(refname)%00%(upstream:short)%00%(objectname)%00%(upstream:track)%00%(upstream:remotename)%00%(upstream:remoteref) refs/heads/main refs/remotes/main [3ms]
2024-10-17 14:56:11.111 [info] > git status -z -uall [13ms]
2024-10-17 14:56:11.112 [info] > git for-each-ref --sort -committerdate --format %(refname) %(objectname) %(*objectname) [2ms]
2024-10-17 14:56:16.126 [info] [Git][getRemotes] No remotes found in the git config file
2024-10-17 14:56:16.127 [info] > git config --get commit.template [5ms]
2024-10-17 14:56:16.127 [info] > git for-each-ref --format=%(refname)%00%(upstream:short)%00%(objectname)%00%(upstream:track)%00%(upstream:remotename)%00%(upstream:remoteref) refs/heads/main refs/remotes/main [1ms]
2024-10-17 14:56:16.137 [info] > git status -z -uall [5ms]
2024-10-17 14:56:16.138 [info] > git for-each-ref --sort -committerdate --format %(refname) %(objectname) %(*objectname) [1ms]
2024-10-17 14:57:13.126 [info] [Git][getRemotes] No remotes found in the git config file
2024-10-17 14:57:13.127 [info] > git config --get commit.template [17ms]
2024-10-17 14:57:13.128 [info] > git for-each-ref --format=%(refname)%00%(upstream:short)%00%(objectname)%00%(upstream:track)%00%(upstream:remotename)%00%(upstream:remoteref) refs/heads/main refs/remotes/main [2ms]
2024-10-17 14:57:13.143 [info] > git status -z -uall [7ms]
2024-10-17 14:57:13.144 [info] > git for-each-ref --sort -committerdate --format %(refname) %(objectname) %(*objectname) [1ms]
