2024-10-17 13:19:51.360 [info] Extension host with pid 14815 started
2024-10-17 13:19:51.659 [info] ExtensionService#_doActivateExtension Vue.volar, startup: false, activationEvent: 'onLanguage:plaintext'
2024-10-17 13:19:51.778 [info] ExtensionService#_doActivateExtension vscode.emmet, startup: false, activationEvent: 'onLanguage'
2024-10-17 13:19:51.844 [info] ExtensionService#_doActivateExtension vscode.typescript-language-features, startup: false, activationEvent: 'api', root cause: Vue.volar
2024-10-17 13:19:52.075 [info] ExtensionService#_doActivateExtension vscode.git-base, startup: true, activationEvent: '*', root cause: vscode.git
2024-10-17 13:19:52.079 [info] ExtensionService#_doActivateExtension s-nlf-fh.glassit, startup: true, activationEvent: '*'
2024-10-17 13:19:52.257 [info] ExtensionService#_doActivateExtension vscode.git, startup: true, activationEvent: '*'
2024-10-17 13:19:52.368 [info] ExtensionService#_doActivateExtension vscode.github, startup: true, activationEvent: '*'
2024-10-17 13:19:52.507 [info] ExtensionService#_doActivateExtension vscode.configuration-editing, startup: false, activationEvent: 'onLanguage:jsonc'
2024-10-17 13:19:52.529 [info] ExtensionService#_doActivateExtension vscode.json-language-features, startup: false, activationEvent: 'onLanguage:jsonc'
2024-10-17 13:19:52.707 [info] Eager extensions activated
2024-10-17 13:19:52.753 [info] ExtensionService#_doActivateExtension vscode.debug-auto-launch, startup: false, activationEvent: 'onStartupFinished'
2024-10-17 13:19:52.757 [info] ExtensionService#_doActivateExtension vscode.merge-conflict, startup: false, activationEvent: 'onStartupFinished'
2024-10-17 13:19:52.792 [info] ExtensionService#_doActivateExtension bradlc.vscode-tailwindcss, startup: false, activationEvent: 'onStartupFinished'
2024-10-17 13:19:52.862 [info] ExtensionService#_doActivateExtension dbaeumer.vscode-eslint, startup: false, activationEvent: 'onStartupFinished'
2024-10-17 13:19:52.919 [info] ExtensionService#_doActivateExtension dsznajder.es7-react-js-snippets, startup: false, activationEvent: 'onStartupFinished'
2024-10-17 13:19:53.942 [info] ExtensionService#_doActivateExtension esbenp.prettier-vscode, startup: false, activationEvent: 'onStartupFinished'
2024-10-17 13:19:54.147 [info] ExtensionService#_doActivateExtension ritwickdey.LiveServer, startup: false, activationEvent: 'onStartupFinished'
2024-10-17 13:19:54.537 [info] ExtensionService#_doActivateExtension ms-vsliveshare.vsliveshare, startup: false, activationEvent: 'api', root cause: ritwickdey.LiveServer
2024-10-17 13:19:55.870 [info] Extension host terminating: renderer closed the MessagePort
2024-10-17 13:19:55.923 [error] Canceled: Canceled
	at new eA (file:///opt/visual-studio-code/resources/app/out/vs/workbench/api/node/extensionHostProcess.js:31:109321)
	at Zb.U (file:///opt/visual-studio-code/resources/app/out/vs/workbench/api/node/extensionHostProcess.js:31:113933)
	at s.<computed>.n.charCodeAt.s.<computed> (file:///opt/visual-studio-code/resources/app/out/vs/workbench/api/node/extensionHostProcess.js:31:111427)
	at T0.g (file:///opt/visual-studio-code/resources/app/out/vs/workbench/api/node/extensionHostProcess.js:114:32325)
	at T0.executeCommand (file:///opt/visual-studio-code/resources/app/out/vs/workbench/api/node/extensionHostProcess.js:114:31826)
	at r.registerCommand.description (file:///opt/visual-studio-code/resources/app/out/vs/workbench/api/node/extensionHostProcess.js:114:31156)
	at T0.h (file:///opt/visual-studio-code/resources/app/out/vs/workbench/api/node/extensionHostProcess.js:114:32845)
	at T0.g (file:///opt/visual-studio-code/resources/app/out/vs/workbench/api/node/extensionHostProcess.js:114:31919)
	at T0.executeCommand (file:///opt/visual-studio-code/resources/app/out/vs/workbench/api/node/extensionHostProcess.js:114:31826)
	at Object.executeCommand (file:///opt/visual-studio-code/resources/app/out/vs/workbench/api/node/extensionHostProcess.js:156:37049)
	at ExtensionUtil.<anonymous> (/home/ash/.vscode/extensions/ms-vsliveshare.vsliveshare-1.0.5941/extension.js:1:665766)
	at Generator.next (<anonymous>)
	at /home/ash/.vscode/extensions/ms-vsliveshare.vsliveshare-1.0.5941/extension.js:1:664481
	at new Promise (<anonymous>)
	at r (/home/ash/.vscode/extensions/ms-vsliveshare.vsliveshare-1.0.5941/extension.js:1:664167)
	at ExtensionUtil.setCommandContext (/home/ash/.vscode/extensions/ms-vsliveshare.vsliveshare-1.0.5941/extension.js:1:665682)
	at SessionContext.onSessionStateChanged (/home/ash/.vscode/extensions/ms-vsliveshare.vsliveshare-1.0.5941/extension.js:1:162595)
	at T.B (file:///opt/visual-studio-code/resources/app/out/vs/workbench/api/node/extensionHostProcess.js:29:732)
	at T.C (file:///opt/visual-studio-code/resources/app/out/vs/workbench/api/node/extensionHostProcess.js:29:802)
	at T.fire (file:///opt/visual-studio-code/resources/app/out/vs/workbench/api/node/extensionHostProcess.js:29:1019)
	at SessionStateTracker.setState (/home/ash/.vscode/extensions/ms-vsliveshare.vsliveshare-1.0.5941/extension.js:1:167078)
	at SessionStateTracker.transition (/home/ash/.vscode/extensions/ms-vsliveshare.vsliveshare-1.0.5941/extension.js:1:166787)
	at AuthenticationFlow.<anonymous> (/home/ash/.vscode/extensions/ms-vsliveshare.vsliveshare-1.0.5941/extension.js:1:212806)
	at Generator.next (<anonymous>)
	at /home/ash/.vscode/extensions/ms-vsliveshare.vsliveshare-1.0.5941/extension.js:1:207577
	at new Promise (<anonymous>)
	at r (/home/ash/.vscode/extensions/ms-vsliveshare.vsliveshare-1.0.5941/extension.js:1:207263)
	at AuthenticationFlow.processAuthResult (/home/ash/.vscode/extensions/ms-vsliveshare.vsliveshare-1.0.5941/extension.js:1:212062)
	at AuthenticationFlow.<anonymous> (/home/ash/.vscode/extensions/ms-vsliveshare.vsliveshare-1.0.5941/extension.js:1:208615)
	at Generator.next (<anonymous>)
	at fulfilled (/home/ash/.vscode/extensions/ms-vsliveshare.vsliveshare-1.0.5941/extension.js:1:207331)
	at process.processTicksAndRejections (node:internal/process/task_queues:95:5) setContext undefined
2024-10-17 13:19:55.923 [error] Canceled: Canceled
	at new eA (file:///opt/visual-studio-code/resources/app/out/vs/workbench/api/node/extensionHostProcess.js:31:109321)
	at Zb.U (file:///opt/visual-studio-code/resources/app/out/vs/workbench/api/node/extensionHostProcess.js:31:113933)
	at s.<computed>.n.charCodeAt.s.<computed> (file:///opt/visual-studio-code/resources/app/out/vs/workbench/api/node/extensionHostProcess.js:31:111427)
	at T0.g (file:///opt/visual-studio-code/resources/app/out/vs/workbench/api/node/extensionHostProcess.js:114:32325)
	at T0.executeCommand (file:///opt/visual-studio-code/resources/app/out/vs/workbench/api/node/extensionHostProcess.js:114:31826)
	at r.registerCommand.description (file:///opt/visual-studio-code/resources/app/out/vs/workbench/api/node/extensionHostProcess.js:114:31156)
	at T0.h (file:///opt/visual-studio-code/resources/app/out/vs/workbench/api/node/extensionHostProcess.js:114:32845)
	at T0.g (file:///opt/visual-studio-code/resources/app/out/vs/workbench/api/node/extensionHostProcess.js:114:31919)
	at T0.executeCommand (file:///opt/visual-studio-code/resources/app/out/vs/workbench/api/node/extensionHostProcess.js:114:31826)
	at Object.executeCommand (file:///opt/visual-studio-code/resources/app/out/vs/workbench/api/node/extensionHostProcess.js:156:37049)
	at ExtensionUtil.<anonymous> (/home/ash/.vscode/extensions/ms-vsliveshare.vsliveshare-1.0.5941/extension.js:1:665766)
	at Generator.next (<anonymous>)
	at /home/ash/.vscode/extensions/ms-vsliveshare.vsliveshare-1.0.5941/extension.js:1:664481
	at new Promise (<anonymous>)
	at r (/home/ash/.vscode/extensions/ms-vsliveshare.vsliveshare-1.0.5941/extension.js:1:664167)
	at ExtensionUtil.setCommandContext (/home/ash/.vscode/extensions/ms-vsliveshare.vsliveshare-1.0.5941/extension.js:1:665682)
	at SessionContext.onSessionStateChanged (/home/ash/.vscode/extensions/ms-vsliveshare.vsliveshare-1.0.5941/extension.js:1:162666)
	at T.B (file:///opt/visual-studio-code/resources/app/out/vs/workbench/api/node/extensionHostProcess.js:29:732)
	at T.C (file:///opt/visual-studio-code/resources/app/out/vs/workbench/api/node/extensionHostProcess.js:29:802)
	at T.fire (file:///opt/visual-studio-code/resources/app/out/vs/workbench/api/node/extensionHostProcess.js:29:1019)
	at SessionStateTracker.setState (/home/ash/.vscode/extensions/ms-vsliveshare.vsliveshare-1.0.5941/extension.js:1:167078)
	at SessionStateTracker.transition (/home/ash/.vscode/extensions/ms-vsliveshare.vsliveshare-1.0.5941/extension.js:1:166787)
	at AuthenticationFlow.<anonymous> (/home/ash/.vscode/extensions/ms-vsliveshare.vsliveshare-1.0.5941/extension.js:1:212806)
	at Generator.next (<anonymous>)
	at /home/ash/.vscode/extensions/ms-vsliveshare.vsliveshare-1.0.5941/extension.js:1:207577
	at new Promise (<anonymous>)
	at r (/home/ash/.vscode/extensions/ms-vsliveshare.vsliveshare-1.0.5941/extension.js:1:207263)
	at AuthenticationFlow.processAuthResult (/home/ash/.vscode/extensions/ms-vsliveshare.vsliveshare-1.0.5941/extension.js:1:212062)
	at AuthenticationFlow.<anonymous> (/home/ash/.vscode/extensions/ms-vsliveshare.vsliveshare-1.0.5941/extension.js:1:208615)
	at Generator.next (<anonymous>)
	at fulfilled (/home/ash/.vscode/extensions/ms-vsliveshare.vsliveshare-1.0.5941/extension.js:1:207331)
	at process.processTicksAndRejections (node:internal/process/task_queues:95:5) setContext undefined
2024-10-17 13:19:55.924 [error] Canceled: Canceled
	at new eA (file:///opt/visual-studio-code/resources/app/out/vs/workbench/api/node/extensionHostProcess.js:31:109321)
	at Zb.U (file:///opt/visual-studio-code/resources/app/out/vs/workbench/api/node/extensionHostProcess.js:31:113933)
	at s.<computed>.n.charCodeAt.s.<computed> (file:///opt/visual-studio-code/resources/app/out/vs/workbench/api/node/extensionHostProcess.js:31:111427)
	at T0.g (file:///opt/visual-studio-code/resources/app/out/vs/workbench/api/node/extensionHostProcess.js:114:32325)
	at T0.executeCommand (file:///opt/visual-studio-code/resources/app/out/vs/workbench/api/node/extensionHostProcess.js:114:31826)
	at r.registerCommand.description (file:///opt/visual-studio-code/resources/app/out/vs/workbench/api/node/extensionHostProcess.js:114:31156)
	at T0.h (file:///opt/visual-studio-code/resources/app/out/vs/workbench/api/node/extensionHostProcess.js:114:32845)
	at T0.g (file:///opt/visual-studio-code/resources/app/out/vs/workbench/api/node/extensionHostProcess.js:114:31919)
	at T0.executeCommand (file:///opt/visual-studio-code/resources/app/out/vs/workbench/api/node/extensionHostProcess.js:114:31826)
	at Object.executeCommand (file:///opt/visual-studio-code/resources/app/out/vs/workbench/api/node/extensionHostProcess.js:156:37049)
	at ExtensionUtil.<anonymous> (/home/ash/.vscode/extensions/ms-vsliveshare.vsliveshare-1.0.5941/extension.js:1:665766)
	at Generator.next (<anonymous>)
	at /home/ash/.vscode/extensions/ms-vsliveshare.vsliveshare-1.0.5941/extension.js:1:664481
	at new Promise (<anonymous>)
	at r (/home/ash/.vscode/extensions/ms-vsliveshare.vsliveshare-1.0.5941/extension.js:1:664167)
	at ExtensionUtil.setCommandContext (/home/ash/.vscode/extensions/ms-vsliveshare.vsliveshare-1.0.5941/extension.js:1:665682)
	at set hasServersShared (/home/ash/.vscode/extensions/ms-vsliveshare.vsliveshare-1.0.5941/extension.js:1:161897)
	at SessionContext.onSessionStateChanged (/home/ash/.vscode/extensions/ms-vsliveshare.vsliveshare-1.0.5941/extension.js:1:162873)
	at T.B (file:///opt/visual-studio-code/resources/app/out/vs/workbench/api/node/extensionHostProcess.js:29:732)
	at T.C (file:///opt/visual-studio-code/resources/app/out/vs/workbench/api/node/extensionHostProcess.js:29:802)
	at T.fire (file:///opt/visual-studio-code/resources/app/out/vs/workbench/api/node/extensionHostProcess.js:29:1019)
	at SessionStateTracker.setState (/home/ash/.vscode/extensions/ms-vsliveshare.vsliveshare-1.0.5941/extension.js:1:167078)
	at SessionStateTracker.transition (/home/ash/.vscode/extensions/ms-vsliveshare.vsliveshare-1.0.5941/extension.js:1:166787)
	at AuthenticationFlow.<anonymous> (/home/ash/.vscode/extensions/ms-vsliveshare.vsliveshare-1.0.5941/extension.js:1:212806)
	at Generator.next (<anonymous>)
	at /home/ash/.vscode/extensions/ms-vsliveshare.vsliveshare-1.0.5941/extension.js:1:207577
	at new Promise (<anonymous>)
	at r (/home/ash/.vscode/extensions/ms-vsliveshare.vsliveshare-1.0.5941/extension.js:1:207263)
	at AuthenticationFlow.processAuthResult (/home/ash/.vscode/extensions/ms-vsliveshare.vsliveshare-1.0.5941/extension.js:1:212062)
	at AuthenticationFlow.<anonymous> (/home/ash/.vscode/extensions/ms-vsliveshare.vsliveshare-1.0.5941/extension.js:1:208615)
	at Generator.next (<anonymous>)
	at fulfilled (/home/ash/.vscode/extensions/ms-vsliveshare.vsliveshare-1.0.5941/extension.js:1:207331)
	at process.processTicksAndRejections (node:internal/process/task_queues:95:5) setContext undefined
2024-10-17 13:19:55.924 [error] Canceled: Canceled
	at new eA (file:///opt/visual-studio-code/resources/app/out/vs/workbench/api/node/extensionHostProcess.js:31:109321)
	at Zb.U (file:///opt/visual-studio-code/resources/app/out/vs/workbench/api/node/extensionHostProcess.js:31:113933)
	at s.<computed>.n.charCodeAt.s.<computed> (file:///opt/visual-studio-code/resources/app/out/vs/workbench/api/node/extensionHostProcess.js:31:111427)
	at T0.g (file:///opt/visual-studio-code/resources/app/out/vs/workbench/api/node/extensionHostProcess.js:114:32325)
	at T0.executeCommand (file:///opt/visual-studio-code/resources/app/out/vs/workbench/api/node/extensionHostProcess.js:114:31826)
	at r.registerCommand.description (file:///opt/visual-studio-code/resources/app/out/vs/workbench/api/node/extensionHostProcess.js:114:31156)
	at T0.h (file:///opt/visual-studio-code/resources/app/out/vs/workbench/api/node/extensionHostProcess.js:114:32845)
	at T0.g (file:///opt/visual-studio-code/resources/app/out/vs/workbench/api/node/extensionHostProcess.js:114:31919)
	at T0.executeCommand (file:///opt/visual-studio-code/resources/app/out/vs/workbench/api/node/extensionHostProcess.js:114:31826)
	at Object.executeCommand (file:///opt/visual-studio-code/resources/app/out/vs/workbench/api/node/extensionHostProcess.js:156:37049)
	at ExtensionUtil.<anonymous> (/home/ash/.vscode/extensions/ms-vsliveshare.vsliveshare-1.0.5941/extension.js:1:665766)
	at Generator.next (<anonymous>)
	at /home/ash/.vscode/extensions/ms-vsliveshare.vsliveshare-1.0.5941/extension.js:1:664481
	at new Promise (<anonymous>)
	at r (/home/ash/.vscode/extensions/ms-vsliveshare.vsliveshare-1.0.5941/extension.js:1:664167)
	at ExtensionUtil.setCommandContext (/home/ash/.vscode/extensions/ms-vsliveshare.vsliveshare-1.0.5941/extension.js:1:665682)
	at set hasSharedTerminals (/home/ash/.vscode/extensions/ms-vsliveshare.vsliveshare-1.0.5941/extension.js:1:162077)
	at SessionContext.onSessionStateChanged (/home/ash/.vscode/extensions/ms-vsliveshare.vsliveshare-1.0.5941/extension.js:1:162900)
	at T.B (file:///opt/visual-studio-code/resources/app/out/vs/workbench/api/node/extensionHostProcess.js:29:732)
	at T.C (file:///opt/visual-studio-code/resources/app/out/vs/workbench/api/node/extensionHostProcess.js:29:802)
	at T.fire (file:///opt/visual-studio-code/resources/app/out/vs/workbench/api/node/extensionHostProcess.js:29:1019)
	at SessionStateTracker.setState (/home/ash/.vscode/extensions/ms-vsliveshare.vsliveshare-1.0.5941/extension.js:1:167078)
	at SessionStateTracker.transition (/home/ash/.vscode/extensions/ms-vsliveshare.vsliveshare-1.0.5941/extension.js:1:166787)
	at AuthenticationFlow.<anonymous> (/home/ash/.vscode/extensions/ms-vsliveshare.vsliveshare-1.0.5941/extension.js:1:212806)
	at Generator.next (<anonymous>)
	at /home/ash/.vscode/extensions/ms-vsliveshare.vsliveshare-1.0.5941/extension.js:1:207577
	at new Promise (<anonymous>)
	at r (/home/ash/.vscode/extensions/ms-vsliveshare.vsliveshare-1.0.5941/extension.js:1:207263)
	at AuthenticationFlow.processAuthResult (/home/ash/.vscode/extensions/ms-vsliveshare.vsliveshare-1.0.5941/extension.js:1:212062)
	at AuthenticationFlow.<anonymous> (/home/ash/.vscode/extensions/ms-vsliveshare.vsliveshare-1.0.5941/extension.js:1:208615)
	at Generator.next (<anonymous>)
	at fulfilled (/home/ash/.vscode/extensions/ms-vsliveshare.vsliveshare-1.0.5941/extension.js:1:207331)
	at process.processTicksAndRejections (node:internal/process/task_queues:95:5) setContext undefined
2024-10-17 13:19:55.937 [info] Extension host with pid 14815 exiting with code 0
