2024-10-14 14:20:40.258 [info] [main] Log level: Info
2024-10-14 14:20:40.258 [info] [main] Validating found git in: "git"
2024-10-14 14:20:40.258 [info] [main] Using git "2.47.0" from "git"
2024-10-14 14:20:40.258 [info] [Model][doInitialScan] Initial repository scan started
2024-10-14 14:20:40.258 [info] > git rev-parse --show-toplevel [28ms]
2024-10-14 14:20:40.258 [info] > git rev-parse --git-dir --git-common-dir [1ms]
2024-10-14 14:20:40.258 [info] [Model][openRepository] Opened repository: /home/ash/dev/Lambda-CMS
2024-10-14 14:20:40.259 [info] > git rev-parse --show-toplevel [8ms]
2024-10-14 14:20:40.260 [info] > git config --get commit.template [18ms]
2024-10-14 14:20:40.285 [info] > git for-each-ref --format=%(refname)%00%(upstream:short)%00%(objectname)%00%(upstream:track)%00%(upstream:remotename)%00%(upstream:remoteref) refs/heads/main refs/remotes/main [15ms]
2024-10-14 14:20:40.286 [info] > git rev-parse --show-toplevel [4ms]
2024-10-14 14:20:40.299 [warning] [Git][revParse] Unable to read file: ENOENT: no such file or directory, open '/home/ash/dev/Lambda-CMS/.git/refs/remotes/origin/main'
2024-10-14 14:20:40.307 [info] > git rev-parse refs/remotes/origin/main [7ms]
2024-10-14 14:20:40.332 [info] > git for-each-ref --sort -committerdate --format %(refname) %(objectname) %(*objectname) [4ms]
2024-10-14 14:20:40.334 [info] > git rev-parse --show-toplevel [29ms]
2024-10-14 14:20:41.479 [info] > git status -z -uall [1161ms]
2024-10-14 14:20:41.499 [info] > git rev-parse --show-toplevel [1153ms]
2024-10-14 14:20:41.709 [info] > git for-each-ref --format=%(refname)%00%(upstream:short)%00%(objectname)%00%(upstream:track)%00%(upstream:remotename)%00%(upstream:remoteref) refs/heads/main refs/remotes/main [215ms]
2024-10-14 14:20:41.758 [info] > git config --local branch.main.vscode-merge-base [36ms]
2024-10-14 14:20:41.771 [info] > git rev-parse --show-toplevel [86ms]
2024-10-14 14:20:41.772 [info] > git config --get commit.template [97ms]
2024-10-14 14:20:42.319 [info] > git for-each-ref --format=%(refname)%00%(upstream:short)%00%(objectname)%00%(upstream:track)%00%(upstream:remotename)%00%(upstream:remoteref) refs/heads/origin/main refs/remotes/origin/main [548ms]
2024-10-14 14:20:42.423 [info] > git check-ignore -v -z --stdin [85ms]
2024-10-14 14:20:42.424 [info] > git merge-base refs/heads/main refs/remotes/origin/main [95ms]
2024-10-14 14:20:42.432 [info] > git rev-parse --show-toplevel [125ms]
2024-10-14 14:20:42.495 [info] > git diff --name-status -z --diff-filter=ADMR 3b59bb952587c79699471bbbe0faf8dacb6cf921...refs/remotes/origin/main [64ms]
2024-10-14 14:20:42.496 [info] > git for-each-ref --format=%(refname)%00%(upstream:short)%00%(objectname)%00%(upstream:track)%00%(upstream:remotename)%00%(upstream:remoteref) refs/heads/main refs/remotes/main [89ms]
2024-10-14 14:20:42.556 [warning] [Git][revParse] Unable to read file: ENOENT: no such file or directory, open '/home/ash/dev/Lambda-CMS/.git/refs/remotes/origin/main'
2024-10-14 14:20:42.581 [info] > git rev-parse --show-toplevel [91ms]
2024-10-14 14:20:42.620 [info] > git rev-parse refs/remotes/origin/main [64ms]
2024-10-14 14:20:42.712 [info] > git status -z -uall [63ms]
2024-10-14 14:20:42.714 [info] > git rev-parse --show-toplevel [101ms]
2024-10-14 14:20:42.734 [info] > git for-each-ref --sort -committerdate --format %(refname) %(objectname) %(*objectname) [71ms]
2024-10-14 14:20:43.138 [info] > git rev-parse --show-toplevel [410ms]
2024-10-14 14:20:43.227 [info] > git rev-parse --show-toplevel [82ms]
2024-10-14 14:20:43.247 [info] > git rev-parse --show-toplevel [7ms]
2024-10-14 14:20:43.250 [info] [Model][doInitialScan] Initial repository scan completed - repositories (1), closed repositories (0), parent repositories (0), unsafe repositories (0)
2024-10-14 14:20:43.270 [info] > git show --textconv :components/ui/popover.tsx [11ms]
2024-10-14 14:20:43.272 [info] > git ls-files --stage -- /home/ash/dev/Lambda-CMS/components/ui/popover.tsx [3ms]
2024-10-14 14:20:43.323 [info] > git cat-file -s ceee78f28ce20759ec1649791e663e22fcf486a9 [44ms]
2024-10-14 14:20:45.586 [info] > git check-ignore -v -z --stdin [1ms]
2024-10-14 14:20:46.469 [info] > git check-ignore -v -z --stdin [4ms]
2024-10-14 14:20:47.856 [info] > git check-ignore -v -z --stdin [1ms]
2024-10-14 14:20:50.678 [info] > git show --textconv :tsconfig.json [7ms]
2024-10-14 14:20:50.679 [info] > git ls-files --stage -- /home/ash/dev/Lambda-CMS/tsconfig.json [1ms]
2024-10-14 14:20:50.689 [info] > git cat-file -s 6296202ad62fa8c2216571b562acc91b15f1d120 [1ms]
2024-10-14 14:20:52.643 [info] > git show --textconv :package.json [8ms]
2024-10-14 14:20:52.644 [info] > git ls-files --stage -- /home/ash/dev/Lambda-CMS/package.json [1ms]
2024-10-14 14:20:52.656 [info] > git cat-file -s a5bc45af550d1cf286415adf7faf5d7e11671fed [1ms]
2024-10-14 14:21:02.873 [info] > git check-ignore -v -z --stdin [1ms]
2024-10-14 14:22:26.605 [info] > git show --textconv :utils/supabase/auth.ts [12ms]
2024-10-14 14:22:26.606 [info] > git ls-files --stage -- /home/ash/dev/Lambda-CMS/utils/supabase/auth.ts [4ms]
2024-10-14 14:22:26.617 [info] > git cat-file -s f188ecb8f5d7f7fa7464695d864a5d790e0af29c [2ms]
2024-10-14 14:22:27.456 [info] > git show --textconv :utils/supabase/client.ts [19ms]
2024-10-14 14:22:27.458 [info] > git ls-files --stage -- /home/ash/dev/Lambda-CMS/utils/supabase/client.ts [1ms]
2024-10-14 14:22:27.468 [info] > git cat-file -s bc294be200bbc4af5bf871ccba17b35105a40179 [1ms]
2024-10-14 14:22:36.860 [info] > git check-ignore -v -z --stdin [1ms]
2024-10-14 14:22:37.530 [info] > git show --textconv :components/admin/CreateSubEventModal.tsx [11ms]
2024-10-14 14:22:37.532 [info] > git ls-files --stage -- /home/ash/dev/Lambda-CMS/components/admin/CreateSubEventModal.tsx [3ms]
2024-10-14 14:22:37.544 [info] > git cat-file -s f8a481f26a2eb1890b39070828d6108ce9cd8f57 [2ms]
2024-10-14 14:25:51.460 [info] > git check-ignore -v -z --stdin [1ms]
2024-10-14 14:25:52.261 [info] > git show --textconv :components/common/AuthModal.tsx [23ms]
2024-10-14 14:25:52.265 [info] > git ls-files --stage -- /home/ash/dev/Lambda-CMS/components/common/AuthModal.tsx [6ms]
2024-10-14 14:25:52.282 [info] > git cat-file -s 0ea099195d0a805eaeb919f3197d390b6ec72b4c [3ms]
2024-10-14 14:25:53.099 [info] > git show --textconv :components/common/Hero.tsx [8ms]
2024-10-14 14:25:53.101 [info] > git ls-files --stage -- /home/ash/dev/Lambda-CMS/components/common/Hero.tsx [2ms]
2024-10-14 14:25:53.108 [info] > git cat-file -s 13c8d58f5f90d6a949c967e6c928e44d24348cad [1ms]
2024-10-14 14:26:10.994 [info] > git config --get commit.template [7ms]
2024-10-14 14:26:10.994 [info] > git for-each-ref --format=%(refname)%00%(upstream:short)%00%(objectname)%00%(upstream:track)%00%(upstream:remotename)%00%(upstream:remoteref) refs/heads/main refs/remotes/main [1ms]
2024-10-14 14:26:11.001 [warning] [Git][revParse] Unable to read file: ENOENT: no such file or directory, open '/home/ash/dev/Lambda-CMS/.git/refs/remotes/origin/main'
2024-10-14 14:26:11.002 [info] > git rev-parse refs/remotes/origin/main [1ms]
2024-10-14 14:26:11.016 [info] > git status -z -uall [8ms]
2024-10-14 14:26:11.016 [info] > git for-each-ref --sort -committerdate --format %(refname) %(objectname) %(*objectname) [1ms]
2024-10-14 14:26:16.035 [info] > git config --get commit.template [7ms]
2024-10-14 14:26:16.035 [info] > git for-each-ref --format=%(refname)%00%(upstream:short)%00%(objectname)%00%(upstream:track)%00%(upstream:remotename)%00%(upstream:remoteref) refs/heads/main refs/remotes/main [1ms]
2024-10-14 14:26:16.042 [warning] [Git][revParse] Unable to read file: ENOENT: no such file or directory, open '/home/ash/dev/Lambda-CMS/.git/refs/remotes/origin/main'
2024-10-14 14:26:16.043 [info] > git rev-parse refs/remotes/origin/main [1ms]
2024-10-14 14:26:16.054 [info] > git status -z -uall [6ms]
2024-10-14 14:26:16.055 [info] > git for-each-ref --sort -committerdate --format %(refname) %(objectname) %(*objectname) [1ms]
2024-10-14 14:26:42.463 [info] > git config --get commit.template [3ms]
2024-10-14 14:26:42.477 [info] > git for-each-ref --format=%(refname)%00%(upstream:short)%00%(objectname)%00%(upstream:track)%00%(upstream:remotename)%00%(upstream:remoteref) refs/heads/main refs/remotes/main [1ms]
2024-10-14 14:26:42.488 [warning] [Git][revParse] Unable to read file: ENOENT: no such file or directory, open '/home/ash/dev/Lambda-CMS/.git/refs/remotes/origin/main'
2024-10-14 14:26:42.489 [info] > git rev-parse refs/remotes/origin/main [1ms]
2024-10-14 14:26:42.510 [info] > git status -z -uall [14ms]
2024-10-14 14:26:42.512 [info] > git for-each-ref --sort -committerdate --format %(refname) %(objectname) %(*objectname) [1ms]
2024-10-14 14:26:47.526 [info] > git config --get commit.template [1ms]
2024-10-14 14:26:47.534 [info] > git for-each-ref --format=%(refname)%00%(upstream:short)%00%(objectname)%00%(upstream:track)%00%(upstream:remotename)%00%(upstream:remoteref) refs/heads/main refs/remotes/main [1ms]
2024-10-14 14:26:47.541 [warning] [Git][revParse] Unable to read file: ENOENT: no such file or directory, open '/home/ash/dev/Lambda-CMS/.git/refs/remotes/origin/main'
2024-10-14 14:26:47.542 [info] > git rev-parse refs/remotes/origin/main [1ms]
2024-10-14 14:26:47.555 [info] > git status -z -uall [7ms]
2024-10-14 14:26:47.556 [info] > git for-each-ref --sort -committerdate --format %(refname) %(objectname) %(*objectname) [1ms]
2024-10-14 14:27:02.684 [info] > git show --textconv :components/common/ImageUpload.tsx [9ms]
2024-10-14 14:27:02.685 [info] > git ls-files --stage -- /home/ash/dev/Lambda-CMS/components/common/ImageUpload.tsx [2ms]
2024-10-14 14:27:02.692 [info] > git cat-file -s 6380273f805d50a2518584437a0f4e1a8ed52a8f [1ms]
2024-10-14 14:27:26.884 [info] > git check-ignore -v -z --stdin [1ms]
2024-10-14 14:27:33.380 [info] > git config --get commit.template [7ms]
2024-10-14 14:27:33.380 [info] > git for-each-ref --format=%(refname)%00%(upstream:short)%00%(objectname)%00%(upstream:track)%00%(upstream:remotename)%00%(upstream:remoteref) refs/heads/main refs/remotes/main [1ms]
2024-10-14 14:27:33.388 [warning] [Git][revParse] Unable to read file: ENOENT: no such file or directory, open '/home/ash/dev/Lambda-CMS/.git/refs/remotes/origin/main'
2024-10-14 14:27:33.389 [info] > git rev-parse refs/remotes/origin/main [1ms]
2024-10-14 14:27:33.404 [info] > git status -z -uall [8ms]
2024-10-14 14:27:33.405 [info] > git for-each-ref --sort -committerdate --format %(refname) %(objectname) %(*objectname) [1ms]
2024-10-14 14:28:30.123 [info] > git check-ignore -v -z --stdin [1ms]
2024-10-14 14:28:30.860 [info] > git show --textconv :hooks/use-debounce.ts [9ms]
2024-10-14 14:28:30.861 [info] > git ls-files --stage -- /home/ash/dev/Lambda-CMS/hooks/use-debounce.ts [2ms]
2024-10-14 14:28:30.871 [info] > git cat-file -s 4eed7b99d4091e6924d8b434103a9ab6590b20a7 [1ms]
2024-10-14 14:28:34.687 [info] > git show --textconv :components/common/Footer.tsx [9ms]
2024-10-14 14:28:34.689 [info] > git ls-files --stage -- /home/ash/dev/Lambda-CMS/components/common/Footer.tsx [3ms]
2024-10-14 14:28:34.697 [info] > git cat-file -s 332c412e46f6df0aca5d000d25ede3e5211b785b [2ms]
2024-10-14 14:29:40.066 [info] > git config --get commit.template [17ms]
2024-10-14 14:29:40.068 [info] > git for-each-ref --format=%(refname)%00%(upstream:short)%00%(objectname)%00%(upstream:track)%00%(upstream:remotename)%00%(upstream:remoteref) refs/heads/main refs/remotes/main [4ms]
2024-10-14 14:29:40.083 [warning] [Git][revParse] Unable to read file: ENOENT: no such file or directory, open '/home/ash/dev/Lambda-CMS/.git/refs/remotes/origin/main'
2024-10-14 14:29:40.086 [info] > git rev-parse refs/remotes/origin/main [3ms]
2024-10-14 14:29:40.104 [info] > git status -z -uall [7ms]
2024-10-14 14:29:40.104 [info] > git for-each-ref --sort -committerdate --format %(refname) %(objectname) %(*objectname) [1ms]
