2024-10-14 14:39:23.412 [info] [main] Log level: Info
2024-10-14 14:39:23.413 [info] [main] Validating found git in: "git"
2024-10-14 14:39:23.413 [info] [main] Using git "2.47.0" from "git"
2024-10-14 14:39:23.413 [info] [Model][doInitialScan] Initial repository scan started
2024-10-14 14:39:23.413 [info] > git rev-parse --show-toplevel [153ms]
2024-10-14 14:39:23.413 [info] > git rev-parse --git-dir --git-common-dir [293ms]
2024-10-14 14:39:23.413 [info] [Model][openRepository] Opened repository: /home/ash/dev/learn/nextjs-dashboard
2024-10-14 14:39:23.449 [info] > git rev-parse --show-toplevel [24ms]
2024-10-14 14:39:23.450 [info] > git config --get commit.template [31ms]
2024-10-14 14:39:23.472 [info] [Git][getRemotes] No remotes found in the git config file
2024-10-14 14:39:23.473 [info] > git rev-parse --show-toplevel [13ms]
2024-10-14 14:39:23.477 [info] [Model][doInitialScan] Initial repository scan completed - repositories (1), closed repositories (0), parent repositories (0), unsafe repositories (0)
2024-10-14 14:39:23.482 [info] > git for-each-ref --format=%(refname)%00%(upstream:short)%00%(objectname)%00%(upstream:track)%00%(upstream:remotename)%00%(upstream:remoteref) refs/heads/main refs/remotes/main [11ms]
2024-10-14 14:39:23.505 [info] > git status -z -uall [13ms]
2024-10-14 14:39:23.506 [info] > git for-each-ref --sort -committerdate --format %(refname) %(objectname) %(*objectname) [6ms]
2024-10-14 14:39:23.544 [info] > git for-each-ref --format=%(refname)%00%(upstream:short)%00%(objectname)%00%(upstream:track)%00%(upstream:remotename)%00%(upstream:remoteref) refs/heads/main refs/remotes/main [29ms]
2024-10-14 14:39:23.557 [info] > git config --local branch.main.vscode-merge-base [2ms]
2024-10-14 14:39:23.557 [warning] [Git][config] git config failed: Failed to execute git
2024-10-14 14:39:23.565 [info] > git config --get commit.template [40ms]
2024-10-14 14:39:23.617 [info] > git reflog main --grep-reflog=branch: Created from *. [53ms]
2024-10-14 14:39:23.640 [info] [Git][getRemotes] No remotes found in the git config file
2024-10-14 14:39:23.641 [info] > git symbolic-ref --short refs/remotes/origin/HEAD [13ms]
2024-10-14 14:39:23.641 [info] fatal: ref refs/remotes/origin/HEAD is not a symbolic ref
2024-10-14 14:39:23.641 [warning] [Repository][getDefaultBranch] Failed to get default branch details: Failed to execute git.
2024-10-14 14:39:23.905 [info] > git for-each-ref --format=%(refname)%00%(upstream:short)%00%(objectname)%00%(upstream:track)%00%(upstream:remotename)%00%(upstream:remoteref) refs/heads/main refs/remotes/main [266ms]
2024-10-14 14:39:23.916 [info] > git status -z -uall [6ms]
2024-10-14 14:39:23.930 [info] > git for-each-ref --sort -committerdate --format %(refname) %(objectname) %(*objectname) [15ms]
2024-10-14 14:39:24.435 [info] > git check-ignore -v -z --stdin [0ms]
2024-10-14 14:39:24.995 [info] > git check-ignore -v -z --stdin [1ms]
2024-10-14 14:39:27.443 [info] > git check-ignore -v -z --stdin [1ms]
2024-10-14 14:39:29.144 [info] > git show --textconv :app/lib/data.ts [17ms]
2024-10-14 14:39:29.144 [info] > git ls-files --stage -- /home/ash/dev/learn/nextjs-dashboard/app/lib/data.ts [4ms]
2024-10-14 14:39:29.162 [info] > git cat-file -s edb49647cb97a516c1fd7b505bbb33feaed13630 [2ms]
2024-10-14 14:39:43.258 [info] > git show --textconv :app/lib/definitions.ts [20ms]
2024-10-14 14:39:43.263 [info] > git ls-files --stage -- /home/ash/dev/learn/nextjs-dashboard/app/lib/definitions.ts [7ms]
2024-10-14 14:39:43.284 [info] > git cat-file -s b1a4fbfbfba06d516a5c9cf1a489ce8f9ef6a951 [4ms]
2024-10-14 14:40:12.125 [info] > git check-ignore -v -z --stdin [1ms]
2024-10-14 14:40:17.406 [info] > git show --textconv :app/ui/acme-logo.tsx [14ms]
2024-10-14 14:40:17.407 [info] > git ls-files --stage -- /home/ash/dev/learn/nextjs-dashboard/app/ui/acme-logo.tsx [2ms]
2024-10-14 14:40:17.419 [info] > git cat-file -s 18d8f60b19025343bbf6fcb70ba5a49c4b43d918 [3ms]
2024-10-14 14:40:46.662 [info] [Git][getRemotes] No remotes found in the git config file
2024-10-14 14:40:46.663 [info] > git config --get commit.template [6ms]
2024-10-14 14:40:46.664 [info] > git for-each-ref --format=%(refname)%00%(upstream:short)%00%(objectname)%00%(upstream:track)%00%(upstream:remotename)%00%(upstream:remoteref) refs/heads/main refs/remotes/main [2ms]
2024-10-14 14:40:46.677 [info] > git status -z -uall [8ms]
2024-10-14 14:40:46.678 [info] > git for-each-ref --sort -committerdate --format %(refname) %(objectname) %(*objectname) [2ms]
2024-10-14 14:40:52.448 [info] [Git][getRemotes] No remotes found in the git config file
2024-10-14 14:40:52.449 [info] > git config --get commit.template [19ms]
2024-10-14 14:40:52.450 [info] > git for-each-ref --format=%(refname)%00%(upstream:short)%00%(objectname)%00%(upstream:track)%00%(upstream:remotename)%00%(upstream:remoteref) refs/heads/main refs/remotes/main [3ms]
2024-10-14 14:40:52.484 [info] > git status -z -uall [18ms]
2024-10-14 14:40:52.486 [info] > git for-each-ref --sort -committerdate --format %(refname) %(objectname) %(*objectname) [3ms]
2024-10-14 14:41:00.116 [info] > git check-ignore -v -z --stdin [1ms]
2024-10-14 14:41:00.802 [info] [Git][getRemotes] No remotes found in the git config file
2024-10-14 14:41:00.802 [info] > git config --get commit.template [6ms]
2024-10-14 14:41:00.803 [info] > git for-each-ref --format=%(refname)%00%(upstream:short)%00%(objectname)%00%(upstream:track)%00%(upstream:remotename)%00%(upstream:remoteref) refs/heads/main refs/remotes/main [1ms]
2024-10-14 14:41:00.816 [info] > git status -z -uall [7ms]
2024-10-14 14:41:00.817 [info] > git for-each-ref --sort -committerdate --format %(refname) %(objectname) %(*objectname) [2ms]
2024-10-14 14:41:21.946 [info] [Git][getRemotes] No remotes found in the git config file
2024-10-14 14:41:21.947 [info] > git config --get commit.template [10ms]
2024-10-14 14:41:21.948 [info] > git for-each-ref --format=%(refname)%00%(upstream:short)%00%(objectname)%00%(upstream:track)%00%(upstream:remotename)%00%(upstream:remoteref) refs/heads/main refs/remotes/main [3ms]
2024-10-14 14:41:21.966 [info] > git status -z -uall [10ms]
2024-10-14 14:41:21.967 [info] > git for-each-ref --sort -committerdate --format %(refname) %(objectname) %(*objectname) [2ms]
2024-10-14 14:41:26.982 [info] [Git][getRemotes] No remotes found in the git config file
2024-10-14 14:41:26.982 [info] > git config --get commit.template [5ms]
2024-10-14 14:41:26.983 [info] > git for-each-ref --format=%(refname)%00%(upstream:short)%00%(objectname)%00%(upstream:track)%00%(upstream:remotename)%00%(upstream:remoteref) refs/heads/main refs/remotes/main [1ms]
2024-10-14 14:41:26.994 [info] > git status -z -uall [6ms]
2024-10-14 14:41:26.994 [info] > git for-each-ref --sort -committerdate --format %(refname) %(objectname) %(*objectname) [1ms]
2024-10-14 14:41:28.054 [info] > git show --textconv :app/page.tsx [9ms]
2024-10-14 14:41:28.054 [info] > git ls-files --stage -- /home/ash/dev/learn/nextjs-dashboard/app/page.tsx [1ms]
2024-10-14 14:41:28.063 [info] > git cat-file -s 8e0184fd1ef3cb9940e5e47e25c2f28bb4a88c8c [2ms]
2024-10-14 14:41:34.605 [info] > git show --textconv :app/layout.tsx [8ms]
2024-10-14 14:41:34.606 [info] > git ls-files --stage -- /home/ash/dev/learn/nextjs-dashboard/app/layout.tsx [2ms]
2024-10-14 14:41:34.615 [info] > git cat-file -s 225b6038d7fbf06c3826e698e858a74fdd525560 [2ms]
2024-10-14 14:43:56.148 [info] [Git][getRemotes] No remotes found in the git config file
2024-10-14 14:43:56.149 [info] > git config --get commit.template [6ms]
2024-10-14 14:43:56.149 [info] > git for-each-ref --format=%(refname)%00%(upstream:short)%00%(objectname)%00%(upstream:track)%00%(upstream:remotename)%00%(upstream:remoteref) refs/heads/main refs/remotes/main [1ms]
2024-10-14 14:43:56.162 [info] > git status -z -uall [7ms]
2024-10-14 14:43:56.163 [info] > git for-each-ref --sort -committerdate --format %(refname) %(objectname) %(*objectname) [2ms]
2024-10-14 14:44:08.658 [info] > git show --textconv :app/ui/global.css [10ms]
2024-10-14 14:44:08.660 [info] > git ls-files --stage -- /home/ash/dev/learn/nextjs-dashboard/app/ui/global.css [3ms]
2024-10-14 14:44:08.671 [info] > git cat-file -s c06d6d644d7f2f1349a8172f3d2bbd2792260d53 [2ms]
2024-10-14 14:44:54.723 [info] > git show --textconv :app/page.tsx [8ms]
2024-10-14 14:44:54.724 [info] > git ls-files --stage -- /home/ash/dev/learn/nextjs-dashboard/app/page.tsx [1ms]
2024-10-14 14:44:54.734 [info] > git cat-file -s 8e0184fd1ef3cb9940e5e47e25c2f28bb4a88c8c [2ms]
2024-10-14 14:45:22.487 [info] > git show --textconv :app/ui/login-form.tsx [8ms]
2024-10-14 14:45:22.488 [info] > git ls-files --stage -- /home/ash/dev/learn/nextjs-dashboard/app/ui/login-form.tsx [2ms]
2024-10-14 14:45:22.500 [info] > git cat-file -s 2976b67c5225a43a545e07c051b3728441f29a22 [3ms]
2024-10-14 14:45:22.974 [info] > git show --textconv :app/ui/global.css [8ms]
2024-10-14 14:45:22.975 [info] > git ls-files --stage -- /home/ash/dev/learn/nextjs-dashboard/app/ui/global.css [2ms]
2024-10-14 14:45:22.985 [info] > git cat-file -s c06d6d644d7f2f1349a8172f3d2bbd2792260d53 [1ms]
2024-10-14 14:45:32.266 [info] > git show --textconv :app/ui/login-form.tsx [8ms]
2024-10-14 14:45:32.267 [info] > git ls-files --stage -- /home/ash/dev/learn/nextjs-dashboard/app/ui/login-form.tsx [2ms]
2024-10-14 14:45:32.275 [info] > git cat-file -s 2976b67c5225a43a545e07c051b3728441f29a22 [2ms]
2024-10-14 14:45:34.654 [info] > git show --textconv :app/ui/global.css [10ms]
2024-10-14 14:45:34.655 [info] > git ls-files --stage -- /home/ash/dev/learn/nextjs-dashboard/app/ui/global.css [2ms]
2024-10-14 14:45:34.665 [info] > git cat-file -s c06d6d644d7f2f1349a8172f3d2bbd2792260d53 [2ms]
2024-10-14 14:45:54.838 [info] > git show --textconv :app/page.tsx [9ms]
2024-10-14 14:45:54.838 [info] > git ls-files --stage -- /home/ash/dev/learn/nextjs-dashboard/app/page.tsx [2ms]
2024-10-14 14:45:54.846 [info] > git cat-file -s 8e0184fd1ef3cb9940e5e47e25c2f28bb4a88c8c [1ms]
2024-10-14 14:46:16.890 [info] > git config --get commit.template [3ms]
2024-10-14 14:46:16.897 [info] [Git][getRemotes] No remotes found in the git config file
2024-10-14 14:46:16.898 [info] > git for-each-ref --format=%(refname)%00%(upstream:short)%00%(objectname)%00%(upstream:track)%00%(upstream:remotename)%00%(upstream:remoteref) refs/heads/main refs/remotes/main [1ms]
2024-10-14 14:46:16.915 [info] > git status -z -uall [10ms]
2024-10-14 14:46:16.916 [info] > git for-each-ref --sort -committerdate --format %(refname) %(objectname) %(*objectname) [2ms]
